#
# A fatal error has been detected by the Java Runtime Environment:
#
#  EXCEPTION_ACCESS_VIOLATION (0xc0000005) at pc=0x00007fff9922695c, pid=13372, tid=16708
#
# JRE version: Java(TM) SE Runtime Environment (18.0+36) (build 18+36-2087)
# Java VM: Java HotSpot(TM) 64-Bit Server VM (18+36-2087, mixed mode, sharing, tiered, compressed oops, compressed class ptrs, g1 gc, windows-amd64)
# Problematic frame:
# C  [atio6axx.dll+0x233695c]
#
# No core dump will be written. Minidumps are not enabled by default on client versions of Windows
#
# If you would like to submit a bug report, please visit:
#   https://bugreport.java.com/bugreport/crash.jsp
# The crash happened outside the Java Virtual Machine in native code.
# See problematic frame for where to report the bug.
#

---------------  S U M M A R Y ------------

Command Line: -Dfile.encoding=UTF-8 -Dstdout.encoding=UTF-8 -Dstderr.encoding=UTF-8 -XX:+ShowCodeDetailsInExceptionMessages konradn24.tml.Launcher

Host: Intel(R) Core(TM) i5-6400 CPU @ 2.70GHz, 4 cores, 15G,  Windows 10 , 64 bit Build 19041 (10.0.19041.5915)
Time: Sat Aug 16 02:39:50 2025  Windows 10 , 64 bit Build 19041 (10.0.19041.5915) elapsed time: 1.432240 seconds (0d 0h 0m 1s)

---------------  T H R E A D  ---------------

Current thread (0x000001dc1d62f8e0):  JavaThread "Thread-1" [_thread_in_native, id=16708, stack(0x0000005a03e00000,0x0000005a03f00000)]

Stack: [0x0000005a03e00000,0x0000005a03f00000],  sp=0x0000005a03efecc8,  free space=1019k
Native frames: (J=compiled Java code, j=interpreted, Vv=VM code, C=native code)
C  [atio6axx.dll+0x233695c]

Java frames: (J=compiled Java code, j=interpreted, Vv=VM code)
j  org.lwjgl.opengl.GL11C.nglDrawElements(IIIJ)V+0
j  org.lwjgl.opengl.GL11C.glDrawElements(IIIJ)V+4
j  org.lwjgl.opengl.GL11.glDrawElements(IIIJ)V+4
j  konradn24.tml.graphics.renderer.BatchRenderer.render(Lorg/joml/Matrix4f;)V+205
j  konradn24.tml.entities.EntityManager.render()V+14
j  konradn24.tml.worlds.generator.World.renderAll()V+8
j  konradn24.tml.states.gamestates.PlayState.render()V+4
j  konradn24.tml.Game.render()V+22
j  konradn24.tml.Game.run()V+39
j  java.lang.Thread.run()V+11 java.base@18
v  ~StubRoutines::call_stub

siginfo: EXCEPTION_ACCESS_VIOLATION (0xc0000005), reading address 0x0000000000000000


Register to memory mapping:

RIP=0x00007fff9922695c atio6axx.dll
RAX=0x000001dc295aa350 points into unknown readable memory: 0x0000000000000000 | 00 00 00 00 00 00 00 00
RBX=0x0000000000000738 is an unknown value
RCX=0x000001dc295aa350 points into unknown readable memory: 0x0000000000000000 | 00 00 00 00 00 00 00 00
RDX=0x0 is NULL
RSP=0x0000005a03efecc8 is pointing into the stack for thread: 0x000001dc1d62f8e0
RBP=0x000001dc2945f3c0 points into unknown readable memory: 0x000001dc29598040 | 40 80 59 29 dc 01 00 00
RSI=0x000001dc2931c080 points into unknown readable memory: 0x00007fff9aa60ad8 | d8 0a a6 9a ff 7f 00 00
RDI=0x000001dc295aa328 points into unknown readable memory: 0x0000000000000000 | 00 00 00 00 00 00 00 00
R8 =0x0000000000000738 is an unknown value
R9 =0x0000000000000738 is an unknown value
R10=0x00007fff96ef0000 atio6axx.dll
R11=0x0000000000000140 is an unknown value
R12=0x0000000000000738 is an unknown value
R13=0x0000000000000738 is an unknown value
R14=0x0 is NULL
R15=0x0 is NULL


Registers:
RAX=0x000001dc295aa350, RBX=0x0000000000000738, RCX=0x000001dc295aa350, RDX=0x0000000000000000
RSP=0x0000005a03efecc8, RBP=0x000001dc2945f3c0, RSI=0x000001dc2931c080, RDI=0x000001dc295aa328
R8 =0x0000000000000738, R9 =0x0000000000000738, R10=0x00007fff96ef0000, R11=0x0000000000000140
R12=0x0000000000000738, R13=0x0000000000000738, R14=0x0000000000000000, R15=0x0000000000000000
RIP=0x00007fff9922695c, EFLAGS=0x0000000000010283

Top of Stack: (sp=0x0000005a03efecc8)
0x0000005a03efecc8:   00007fff975308c1 0000000000000000
0x0000005a03efecd8:   0000000000000000 00007ff828190018
0x0000005a03efece8:   000001dc1d8707b0 000001dc295aa350
0x0000005a03efecf8:   000001dc295aa328 0000000000000760
0x0000005a03efed08:   00007fff9882ba7e 0000000200000005
0x0000005a03efed18:   0000000000000004 0000000000001405
0x0000005a03efed28:   000001dc19a2ea98 0000000000000000
0x0000005a03efed38:   000001dc28431e28 00000000000001ce
0x0000005a03efed48:   000001dc2931c080 0000000000000000
0x0000005a03efed58:   00007fff9761bd55 000001dc2931c080
0x0000005a03efed68:   000001dc00000004 00000000000001ce
0x0000005a03efed78:   000001dc00001405 0000000000000000
0x0000005a03efed88:   000001dc00000001 000001dc19a2ea98
0x0000005a03efed98:   000001dc1d62f8e0 000001dc2931c080
0x0000005a03efeda8:   000001dc0000d400 000001dc28431e28
0x0000005a03efedb8:   000001dc19a2ea00 000001dc1d62f8e0 

Instructions: (pc=0x00007fff9922695c)
0x00007fff9922685c:   89 08 66 44 89 40 04 44 88 48 06 c3 4c 8b 02 8b
0x00007fff9922686c:   4a 08 44 0f b7 4a 0c 4c 89 00 89 48 08 66 44 89
0x00007fff9922687c:   48 0c c3 0f b7 0a 44 0f b6 42 02 66 89 08 44 88
0x00007fff9922688c:   40 02 c3 90 4c 8b 02 8b 4a 08 44 0f b6 4a 0c 4c
0x00007fff9922689c:   89 00 89 48 08 44 88 48 0c c3 4c 8b 02 0f b7 4a
0x00007fff992268ac:   08 4c 89 00 66 89 48 08 c3 4c 8b 02 0f b6 4a 08
0x00007fff992268bc:   4c 89 00 88 48 08 c3 4c 8b 02 8b 4a 08 4c 89 00
0x00007fff992268cc:   89 48 08 c3 8b 0a 44 0f b7 42 04 89 08 66 44 89
0x00007fff992268dc:   40 04 c3 8b 0a 44 0f b6 42 04 89 08 44 88 40 04
0x00007fff992268ec:   c3 48 8b 0a 48 89 08 c3 0f b6 0a 88 08 c3 8b 0a
0x00007fff992268fc:   89 08 c3 90 49 83 f8 20 77 17 f3 0f 6f 0a f3 42
0x00007fff9922690c:   0f 6f 54 02 f0 f3 0f 7f 09 f3 42 0f 7f 54 01 f0
0x00007fff9922691c:   c3 48 3b d1 73 0e 4e 8d 0c 02 49 3b c9 0f 82 41
0x00007fff9922692c:   04 00 00 90 83 3d 29 c7 e8 01 03 0f 82 e3 02 00
0x00007fff9922693c:   00 49 81 f8 00 20 00 00 76 16 49 81 f8 00 00 18
0x00007fff9922694c:   00 77 0d f6 05 3e 18 04 02 02 0f 85 64 fe ff ff
0x00007fff9922695c:   c5 fe 6f 02 c4 a1 7e 6f 6c 02 e0 49 81 f8 00 01
0x00007fff9922696c:   00 00 0f 86 c4 00 00 00 4c 8b c9 49 83 e1 1f 49
0x00007fff9922697c:   83 e9 20 49 2b c9 49 2b d1 4d 03 c1 49 81 f8 00
0x00007fff9922698c:   01 00 00 0f 86 a3 00 00 00 49 81 f8 00 00 18 00
0x00007fff9922699c:   0f 87 3e 01 00 00 66 66 66 66 66 66 0f 1f 84 00
0x00007fff992269ac:   00 00 00 00 c5 fe 6f 0a c5 fe 6f 52 20 c5 fe 6f
0x00007fff992269bc:   5a 40 c5 fe 6f 62 60 c5 fd 7f 09 c5 fd 7f 51 20
0x00007fff992269cc:   c5 fd 7f 59 40 c5 fd 7f 61 60 c5 fe 6f 8a 80 00
0x00007fff992269dc:   00 00 c5 fe 6f 92 a0 00 00 00 c5 fe 6f 9a c0 00
0x00007fff992269ec:   00 00 c5 fe 6f a2 e0 00 00 00 c5 fd 7f 89 80 00
0x00007fff992269fc:   00 00 c5 fd 7f 91 a0 00 00 00 c5 fd 7f 99 c0 00
0x00007fff99226a0c:   00 00 c5 fd 7f a1 e0 00 00 00 48 81 c1 00 01 00
0x00007fff99226a1c:   00 48 81 c2 00 01 00 00 49 81 e8 00 01 00 00 49
0x00007fff99226a2c:   81 f8 00 01 00 00 0f 83 78 ff ff ff 4d 8d 48 1f
0x00007fff99226a3c:   49 83 e1 e0 4d 8b d9 49 c1 eb 05 47 8b 9c 9a 40
0x00007fff99226a4c:   40 59 04 4d 03 da 41 ff e3 c4 a1 7e 6f 8c 0a 00 


Stack slot to memory mapping:
stack at sp + 0 slots: 0x00007fff975308c1 atio6axx.dll
stack at sp + 1 slots: 0x0 is NULL
stack at sp + 2 slots: 0x0 is NULL
stack at sp + 3 slots: 0x00007ff828190018 jvm.dll
stack at sp + 4 slots: 0x000001dc1d8707b0 points into unknown readable memory: 0x492800075abc000c | 0c 00 bc 5a 07 00 28 49
stack at sp + 5 slots: 0x000001dc295aa350 points into unknown readable memory: 0x0000000000000000 | 00 00 00 00 00 00 00 00
stack at sp + 6 slots: 0x000001dc295aa328 points into unknown readable memory: 0x0000000000000000 | 00 00 00 00 00 00 00 00
stack at sp + 7 slots: 0x0000000000000760 is an unknown value


---------------  P R O C E S S  ---------------

Threads class SMR info:
_java_thread_list=0x000001dc1dc822e0, length=15, elements={
0x000001dc19213c80, 0x000001dc19215490, 0x000001dc1922faf0, 0x000001dc192303a0,
0x000001dc19233400, 0x000001dc19234e00, 0x000001dc19236a60, 0x000001dc19242ac0,
0x000001dc1923ad80, 0x000001dc1d498f40, 0x000001dc1d4a3840, 0x000001dc1d62f8e0,
0x000001dc74cec1d0, 0x000001dc2cf59370, 0x000001dc2cf59830
}

Java Threads: ( => current thread )
  0x000001dc19213c80 JavaThread "Reference Handler" daemon [_thread_blocked, id=21176, stack(0x0000005a03200000,0x0000005a03300000)]
  0x000001dc19215490 JavaThread "Finalizer" daemon [_thread_blocked, id=15104, stack(0x0000005a03300000,0x0000005a03400000)]
  0x000001dc1922faf0 JavaThread "Signal Dispatcher" daemon [_thread_blocked, id=1776, stack(0x0000005a03400000,0x0000005a03500000)]
  0x000001dc192303a0 JavaThread "Attach Listener" daemon [_thread_blocked, id=6692, stack(0x0000005a03500000,0x0000005a03600000)]
  0x000001dc19233400 JavaThread "Service Thread" daemon [_thread_blocked, id=12924, stack(0x0000005a03600000,0x0000005a03700000)]
  0x000001dc19234e00 JavaThread "Monitor Deflation Thread" daemon [_thread_blocked, id=6172, stack(0x0000005a03700000,0x0000005a03800000)]
  0x000001dc19236a60 JavaThread "C2 CompilerThread0" daemon [_thread_blocked, id=1860, stack(0x0000005a03800000,0x0000005a03900000)]
  0x000001dc19242ac0 JavaThread "C1 CompilerThread0" daemon [_thread_blocked, id=11172, stack(0x0000005a03900000,0x0000005a03a00000)]
  0x000001dc1923ad80 JavaThread "Sweeper thread" daemon [_thread_blocked, id=6280, stack(0x0000005a03a00000,0x0000005a03b00000)]
  0x000001dc1d498f40 JavaThread "Notification Thread" daemon [_thread_blocked, id=16016, stack(0x0000005a03b00000,0x0000005a03c00000)]
  0x000001dc1d4a3840 JavaThread "Common-Cleaner" daemon [_thread_blocked, id=13004, stack(0x0000005a03d00000,0x0000005a03e00000)]
=>0x000001dc1d62f8e0 JavaThread "Thread-1" [_thread_in_native, id=16708, stack(0x0000005a03e00000,0x0000005a03f00000)]
  0x000001dc74cec1d0 JavaThread "DestroyJavaVM" [_thread_blocked, id=8560, stack(0x0000005a02b00000,0x0000005a02c00000)]
  0x000001dc2cf59370 JavaThread "Thread-3" daemon [_thread_blocked, id=5984, stack(0x0000005a04800000,0x0000005a04900000)]
  0x000001dc2cf59830 JavaThread "C2 CompilerThread1" daemon [_thread_blocked, id=5912, stack(0x0000005a04c00000,0x0000005a04d00000)]

Other Threads:
  0x000001dc192105d0 VMThread "VM Thread" [stack: 0x0000005a03100000,0x0000005a03200000] [id=2036]
  0x000001dc1d49b410 WatcherThread "VM Periodic Task Thread" [stack: 0x0000005a03c00000,0x0000005a03d00000] [id=14648]
  0x000001dc74d59f70 WorkerThread "GC Thread#0" [stack: 0x0000005a02c00000,0x0000005a02d00000] [id=20632]
  0x000001dc2b230af0 WorkerThread "GC Thread#1" [stack: 0x0000005a04900000,0x0000005a04a00000] [id=1564]
  0x000001dc2ba95cb0 WorkerThread "GC Thread#2" [stack: 0x0000005a04a00000,0x0000005a04b00000] [id=15820]
  0x000001dc2acaec70 WorkerThread "GC Thread#3" [stack: 0x0000005a04b00000,0x0000005a04c00000] [id=21960]
  0x000001dc74d6bd40 ConcurrentGCThread "G1 Main Marker" [stack: 0x0000005a02d00000,0x0000005a02e00000] [id=2236]
  0x000001dc74d6ddf0 WorkerThread "G1 Conc#0" [stack: 0x0000005a02e00000,0x0000005a02f00000] [id=15140]
  0x000001dc74daa2a0 ConcurrentGCThread "G1 Refine#0" [stack: 0x0000005a02f00000,0x0000005a03000000] [id=10948]
  0x000001dc2c772080 ConcurrentGCThread "G1 Refine#1" [stack: 0x0000005a04d00000,0x0000005a04e00000] [id=17932]
  0x000001dc2badd640 ConcurrentGCThread "G1 Refine#2" [stack: 0x0000005a04e00000,0x0000005a04f00000] [id=3544]
  0x000001dc2d2de5a0 ConcurrentGCThread "G1 Refine#3" [stack: 0x0000005a04f00000,0x0000005a05000000] [id=1276]
  0x000001dc74dab260 ConcurrentGCThread "G1 Service" [stack: 0x0000005a03000000,0x0000005a03100000] [id=11136]

Threads with active compile tasks:

VM state: not at safepoint (normal execution)

VM Mutex/Monitor currently owned by a thread: None

Heap address: 0x0000000700800000, size: 4088 MB, Compressed Oops mode: Zero based, Oop shift amount: 3

CDS archive(s) mapped at: [0x0000000800000000-0x0000000800ba0000-0x0000000800ba0000), size 12189696, SharedBaseAddress: 0x0000000800000000, ArchiveRelocationMode: 0.
Compressed class space mapped at: 0x0000000800c00000-0x0000000840c00000, reserved size: 1073741824
Narrow klass base: 0x0000000800000000, Narrow klass shift: 0, Narrow klass range: 0x100000000

GC Precious Log:
 CardTable entry size: 512
 Card Set container configuration: InlinePtr #cards 4 size 8 Array Of Cards #cards 16 size 48 Howl #buckets 8 coarsen threshold 3686 Howl Bitmap #cards 512 size 80 coarsen threshold 460 Card regions per heap region 1 cards per card region 4096
 CPUs: 4 total, 4 available
 Memory: 16347M
 Large Page Support: Disabled
 NUMA Support: Disabled
 Compressed Oops: Enabled (Zero based)
 Heap Region Size: 2M
 Heap Min Capacity: 8M
 Heap Initial Capacity: 256M
 Heap Max Capacity: 4088M
 Pre-touch: Disabled
 Parallel Workers: 4
 Concurrent Workers: 1
 Concurrent Refinement Workers: 4
 Periodic GC: Disabled

Heap:
 garbage-first heap   total 262144K, used 56571K [0x0000000700800000, 0x0000000800000000)
  region size 2048K, 5 young (10240K), 2 survivors (4096K)
 Metaspace       used 9436K, committed 9728K, reserved 1114112K
  class space    used 647K, committed 768K, reserved 1048576K

Heap Regions: E=young(eden), S=young(survivor), O=old, HS=humongous(starts), HC=humongous(continues), CS=collection set, F=free, OA=open archive, CA=closed archive, TAMS=top-at-mark-start (previous, next)
|   0|0x0000000700800000, 0x0000000700a00000, 0x0000000700a00000|100%| O|  |TAMS 0x0000000700800000, 0x0000000700800000| Untracked 
|   1|0x0000000700a00000, 0x0000000700c00000, 0x0000000700c00000|100%| O|  |TAMS 0x0000000700a00000, 0x0000000700a00000| Untracked 
|   2|0x0000000700c00000, 0x0000000700e00000, 0x0000000700e00000|100%| O|  |TAMS 0x0000000700c00000, 0x0000000700c00000| Untracked 
|   3|0x0000000700e00000, 0x0000000701000000, 0x0000000701000000|100%|HS|  |TAMS 0x0000000700e00000, 0x0000000700e00000| Complete 
|   4|0x0000000701000000, 0x0000000701200000, 0x0000000701200000|100%|HS|  |TAMS 0x0000000701000000, 0x0000000701000000| Complete 
|   5|0x0000000701200000, 0x0000000701400000, 0x0000000701400000|100%|HC|  |TAMS 0x0000000701200000, 0x0000000701200000| Complete 
|   6|0x0000000701400000, 0x0000000701600000, 0x0000000701600000|100%|HS|  |TAMS 0x0000000701400000, 0x0000000701400000| Complete 
|   7|0x0000000701600000, 0x0000000701800000, 0x0000000701800000|100%|HS|  |TAMS 0x0000000701600000, 0x0000000701600000| Complete 
|   8|0x0000000701800000, 0x0000000701a00000, 0x0000000701a00000|100%|HS|  |TAMS 0x0000000701800000, 0x0000000701800000| Complete 
|   9|0x0000000701a00000, 0x0000000701c00000, 0x0000000701c00000|100%|HC|  |TAMS 0x0000000701a00000, 0x0000000701a00000| Complete 
|  10|0x0000000701c00000, 0x0000000701e00000, 0x0000000701e00000|100%|HS|  |TAMS 0x0000000701c00000, 0x0000000701c00000| Complete 
|  11|0x0000000701e00000, 0x0000000702000000, 0x0000000702000000|100%| O|  |TAMS 0x0000000701e00000, 0x0000000701e00000| Untracked 
|  12|0x0000000702000000, 0x0000000702200000, 0x0000000702200000|100%| O|  |TAMS 0x0000000702000000, 0x0000000702000000| Untracked 
|  13|0x0000000702200000, 0x0000000702400000, 0x0000000702400000|100%| O|  |TAMS 0x0000000702200000, 0x0000000702200000| Untracked 
|  14|0x0000000702400000, 0x0000000702600000, 0x0000000702600000|100%| O|  |TAMS 0x0000000702400000, 0x0000000702400000| Untracked 
|  15|0x0000000702600000, 0x0000000702800000, 0x0000000702800000|100%|HS|  |TAMS 0x0000000702600000, 0x0000000702600000| Complete 
|  16|0x0000000702800000, 0x0000000702a00000, 0x0000000702a00000|100%|HC|  |TAMS 0x0000000702800000, 0x0000000702800000| Complete 
|  17|0x0000000702a00000, 0x0000000702c00000, 0x0000000702c00000|100%| O|  |TAMS 0x0000000702a00000, 0x0000000702a00000| Untracked 
|  18|0x0000000702c00000, 0x0000000702e00000, 0x0000000702e00000|100%| O|  |TAMS 0x0000000702c00000, 0x0000000702c00000| Untracked 
|  19|0x0000000702e00000, 0x0000000703000000, 0x0000000703000000|100%| O|  |TAMS 0x0000000702e00000, 0x0000000702e00000| Untracked 
|  20|0x0000000703000000, 0x0000000703200000, 0x0000000703200000|100%| O|  |TAMS 0x0000000703000000, 0x0000000703000000| Untracked 
|  21|0x0000000703200000, 0x000000070333ee00, 0x0000000703400000| 62%| O|  |TAMS 0x0000000703200000, 0x0000000703200000| Untracked 
|  22|0x0000000703400000, 0x0000000703600000, 0x0000000703600000|100%|HS|  |TAMS 0x0000000703400000, 0x0000000703400000| Complete 
|  23|0x0000000703600000, 0x0000000703800000, 0x0000000703800000|100%|HC|  |TAMS 0x0000000703600000, 0x0000000703600000| Complete 
|  24|0x0000000703800000, 0x0000000703a00000, 0x0000000703a00000|100%|HS|  |TAMS 0x0000000703800000, 0x0000000703800000| Complete 
|  25|0x0000000703a00000, 0x0000000703a00000, 0x0000000703c00000|  0%| F|  |TAMS 0x0000000703a00000, 0x0000000703a00000| Untracked 
|  26|0x0000000703c00000, 0x0000000703c00000, 0x0000000703e00000|  0%| F|  |TAMS 0x0000000703c00000, 0x0000000703c00000| Untracked 
|  27|0x0000000703e00000, 0x0000000703e00000, 0x0000000704000000|  0%| F|  |TAMS 0x0000000703e00000, 0x0000000703e00000| Untracked 
|  28|0x0000000704000000, 0x0000000704000000, 0x0000000704200000|  0%| F|  |TAMS 0x0000000704000000, 0x0000000704000000| Untracked 
|  29|0x0000000704200000, 0x0000000704200000, 0x0000000704400000|  0%| F|  |TAMS 0x0000000704200000, 0x0000000704200000| Untracked 
|  30|0x0000000704400000, 0x0000000704400000, 0x0000000704600000|  0%| F|  |TAMS 0x0000000704400000, 0x0000000704400000| Untracked 
|  31|0x0000000704600000, 0x0000000704600000, 0x0000000704800000|  0%| F|  |TAMS 0x0000000704600000, 0x0000000704600000| Untracked 
|  32|0x0000000704800000, 0x0000000704800000, 0x0000000704a00000|  0%| F|  |TAMS 0x0000000704800000, 0x0000000704800000| Untracked 
|  33|0x0000000704a00000, 0x0000000704a00000, 0x0000000704c00000|  0%| F|  |TAMS 0x0000000704a00000, 0x0000000704a00000| Untracked 
|  34|0x0000000704c00000, 0x0000000704c00000, 0x0000000704e00000|  0%| F|  |TAMS 0x0000000704c00000, 0x0000000704c00000| Untracked 
|  35|0x0000000704e00000, 0x0000000704e00000, 0x0000000705000000|  0%| F|  |TAMS 0x0000000704e00000, 0x0000000704e00000| Untracked 
|  36|0x0000000705000000, 0x0000000705000000, 0x0000000705200000|  0%| F|  |TAMS 0x0000000705000000, 0x0000000705000000| Untracked 
|  37|0x0000000705200000, 0x0000000705200000, 0x0000000705400000|  0%| F|  |TAMS 0x0000000705200000, 0x0000000705200000| Untracked 
|  38|0x0000000705400000, 0x0000000705400000, 0x0000000705600000|  0%| F|  |TAMS 0x0000000705400000, 0x0000000705400000| Untracked 
|  39|0x0000000705600000, 0x0000000705600000, 0x0000000705800000|  0%| F|  |TAMS 0x0000000705600000, 0x0000000705600000| Untracked 
|  40|0x0000000705800000, 0x0000000705800000, 0x0000000705a00000|  0%| F|  |TAMS 0x0000000705800000, 0x0000000705800000| Untracked 
|  41|0x0000000705a00000, 0x0000000705a00000, 0x0000000705c00000|  0%| F|  |TAMS 0x0000000705a00000, 0x0000000705a00000| Untracked 
|  42|0x0000000705c00000, 0x0000000705c00000, 0x0000000705e00000|  0%| F|  |TAMS 0x0000000705c00000, 0x0000000705c00000| Untracked 
|  43|0x0000000705e00000, 0x0000000705e00000, 0x0000000706000000|  0%| F|  |TAMS 0x0000000705e00000, 0x0000000705e00000| Untracked 
|  44|0x0000000706000000, 0x0000000706000000, 0x0000000706200000|  0%| F|  |TAMS 0x0000000706000000, 0x0000000706000000| Untracked 
|  45|0x0000000706200000, 0x0000000706200000, 0x0000000706400000|  0%| F|  |TAMS 0x0000000706200000, 0x0000000706200000| Untracked 
|  46|0x0000000706400000, 0x0000000706400000, 0x0000000706600000|  0%| F|  |TAMS 0x0000000706400000, 0x0000000706400000| Untracked 
|  47|0x0000000706600000, 0x0000000706600000, 0x0000000706800000|  0%| F|  |TAMS 0x0000000706600000, 0x0000000706600000| Untracked 
|  48|0x0000000706800000, 0x0000000706800000, 0x0000000706a00000|  0%| F|  |TAMS 0x0000000706800000, 0x0000000706800000| Untracked 
|  49|0x0000000706a00000, 0x0000000706a00000, 0x0000000706c00000|  0%| F|  |TAMS 0x0000000706a00000, 0x0000000706a00000| Untracked 
|  50|0x0000000706c00000, 0x0000000706c00000, 0x0000000706e00000|  0%| F|  |TAMS 0x0000000706c00000, 0x0000000706c00000| Untracked 
|  51|0x0000000706e00000, 0x0000000706e00000, 0x0000000707000000|  0%| F|  |TAMS 0x0000000706e00000, 0x0000000706e00000| Untracked 
|  52|0x0000000707000000, 0x0000000707000000, 0x0000000707200000|  0%| F|  |TAMS 0x0000000707000000, 0x0000000707000000| Untracked 
|  53|0x0000000707200000, 0x0000000707200000, 0x0000000707400000|  0%| F|  |TAMS 0x0000000707200000, 0x0000000707200000| Untracked 
|  54|0x0000000707400000, 0x0000000707400000, 0x0000000707600000|  0%| F|  |TAMS 0x0000000707400000, 0x0000000707400000| Untracked 
|  55|0x0000000707600000, 0x0000000707600000, 0x0000000707800000|  0%| F|  |TAMS 0x0000000707600000, 0x0000000707600000| Untracked 
|  56|0x0000000707800000, 0x0000000707800000, 0x0000000707a00000|  0%| F|  |TAMS 0x0000000707800000, 0x0000000707800000| Untracked 
|  57|0x0000000707a00000, 0x0000000707a00000, 0x0000000707c00000|  0%| F|  |TAMS 0x0000000707a00000, 0x0000000707a00000| Untracked 
|  58|0x0000000707c00000, 0x0000000707c00000, 0x0000000707e00000|  0%| F|  |TAMS 0x0000000707c00000, 0x0000000707c00000| Untracked 
|  59|0x0000000707e00000, 0x0000000707e00000, 0x0000000708000000|  0%| F|  |TAMS 0x0000000707e00000, 0x0000000707e00000| Untracked 
|  60|0x0000000708000000, 0x0000000708000000, 0x0000000708200000|  0%| F|  |TAMS 0x0000000708000000, 0x0000000708000000| Untracked 
|  61|0x0000000708200000, 0x0000000708200000, 0x0000000708400000|  0%| F|  |TAMS 0x0000000708200000, 0x0000000708200000| Untracked 
|  62|0x0000000708400000, 0x0000000708400000, 0x0000000708600000|  0%| F|  |TAMS 0x0000000708400000, 0x0000000708400000| Untracked 
|  63|0x0000000708600000, 0x0000000708600000, 0x0000000708800000|  0%| F|  |TAMS 0x0000000708600000, 0x0000000708600000| Untracked 
|  64|0x0000000708800000, 0x0000000708800000, 0x0000000708a00000|  0%| F|  |TAMS 0x0000000708800000, 0x0000000708800000| Untracked 
|  65|0x0000000708a00000, 0x0000000708a00000, 0x0000000708c00000|  0%| F|  |TAMS 0x0000000708a00000, 0x0000000708a00000| Untracked 
|  66|0x0000000708c00000, 0x0000000708c00000, 0x0000000708e00000|  0%| F|  |TAMS 0x0000000708c00000, 0x0000000708c00000| Untracked 
|  67|0x0000000708e00000, 0x0000000708e00000, 0x0000000709000000|  0%| F|  |TAMS 0x0000000708e00000, 0x0000000708e00000| Untracked 
|  68|0x0000000709000000, 0x0000000709000000, 0x0000000709200000|  0%| F|  |TAMS 0x0000000709000000, 0x0000000709000000| Untracked 
|  69|0x0000000709200000, 0x0000000709200000, 0x0000000709400000|  0%| F|  |TAMS 0x0000000709200000, 0x0000000709200000| Untracked 
|  70|0x0000000709400000, 0x0000000709400000, 0x0000000709600000|  0%| F|  |TAMS 0x0000000709400000, 0x0000000709400000| Untracked 
|  71|0x0000000709600000, 0x0000000709600000, 0x0000000709800000|  0%| F|  |TAMS 0x0000000709600000, 0x0000000709600000| Untracked 
|  72|0x0000000709800000, 0x0000000709800000, 0x0000000709a00000|  0%| F|  |TAMS 0x0000000709800000, 0x0000000709800000| Untracked 
|  73|0x0000000709a00000, 0x0000000709a00000, 0x0000000709c00000|  0%| F|  |TAMS 0x0000000709a00000, 0x0000000709a00000| Untracked 
|  74|0x0000000709c00000, 0x0000000709c00000, 0x0000000709e00000|  0%| F|  |TAMS 0x0000000709c00000, 0x0000000709c00000| Untracked 
|  75|0x0000000709e00000, 0x0000000709e00000, 0x000000070a000000|  0%| F|  |TAMS 0x0000000709e00000, 0x0000000709e00000| Untracked 
|  76|0x000000070a000000, 0x000000070a000000, 0x000000070a200000|  0%| F|  |TAMS 0x000000070a000000, 0x000000070a000000| Untracked 
|  77|0x000000070a200000, 0x000000070a200000, 0x000000070a400000|  0%| F|  |TAMS 0x000000070a200000, 0x000000070a200000| Untracked 
|  78|0x000000070a400000, 0x000000070a400000, 0x000000070a600000|  0%| F|  |TAMS 0x000000070a400000, 0x000000070a400000| Untracked 
|  79|0x000000070a600000, 0x000000070a600000, 0x000000070a800000|  0%| F|  |TAMS 0x000000070a600000, 0x000000070a600000| Untracked 
|  80|0x000000070a800000, 0x000000070a800000, 0x000000070aa00000|  0%| F|  |TAMS 0x000000070a800000, 0x000000070a800000| Untracked 
|  81|0x000000070aa00000, 0x000000070aa00000, 0x000000070ac00000|  0%| F|  |TAMS 0x000000070aa00000, 0x000000070aa00000| Untracked 
|  82|0x000000070ac00000, 0x000000070ac00000, 0x000000070ae00000|  0%| F|  |TAMS 0x000000070ac00000, 0x000000070ac00000| Untracked 
|  83|0x000000070ae00000, 0x000000070ae00000, 0x000000070b000000|  0%| F|  |TAMS 0x000000070ae00000, 0x000000070ae00000| Untracked 
|  84|0x000000070b000000, 0x000000070b000000, 0x000000070b200000|  0%| F|  |TAMS 0x000000070b000000, 0x000000070b000000| Untracked 
|  85|0x000000070b200000, 0x000000070b200000, 0x000000070b400000|  0%| F|  |TAMS 0x000000070b200000, 0x000000070b200000| Untracked 
|  86|0x000000070b400000, 0x000000070b400000, 0x000000070b600000|  0%| F|  |TAMS 0x000000070b400000, 0x000000070b400000| Untracked 
|  87|0x000000070b600000, 0x000000070b600000, 0x000000070b800000|  0%| F|  |TAMS 0x000000070b600000, 0x000000070b600000| Untracked 
|  88|0x000000070b800000, 0x000000070b800000, 0x000000070ba00000|  0%| F|  |TAMS 0x000000070b800000, 0x000000070b800000| Untracked 
|  89|0x000000070ba00000, 0x000000070ba00000, 0x000000070bc00000|  0%| F|  |TAMS 0x000000070ba00000, 0x000000070ba00000| Untracked 
|  90|0x000000070bc00000, 0x000000070bc00000, 0x000000070be00000|  0%| F|  |TAMS 0x000000070bc00000, 0x000000070bc00000| Untracked 
|  91|0x000000070be00000, 0x000000070be00000, 0x000000070c000000|  0%| F|  |TAMS 0x000000070be00000, 0x000000070be00000| Untracked 
|  92|0x000000070c000000, 0x000000070c000000, 0x000000070c200000|  0%| F|  |TAMS 0x000000070c000000, 0x000000070c000000| Untracked 
|  93|0x000000070c200000, 0x000000070c200000, 0x000000070c400000|  0%| F|  |TAMS 0x000000070c200000, 0x000000070c200000| Untracked 
|  94|0x000000070c400000, 0x000000070c400000, 0x000000070c600000|  0%| F|  |TAMS 0x000000070c400000, 0x000000070c400000| Untracked 
|  95|0x000000070c600000, 0x000000070c600000, 0x000000070c800000|  0%| F|  |TAMS 0x000000070c600000, 0x000000070c600000| Untracked 
|  96|0x000000070c800000, 0x000000070c800000, 0x000000070ca00000|  0%| F|  |TAMS 0x000000070c800000, 0x000000070c800000| Untracked 
|  97|0x000000070ca00000, 0x000000070ca00000, 0x000000070cc00000|  0%| F|  |TAMS 0x000000070ca00000, 0x000000070ca00000| Untracked 
|  98|0x000000070cc00000, 0x000000070cc00000, 0x000000070ce00000|  0%| F|  |TAMS 0x000000070cc00000, 0x000000070cc00000| Untracked 
|  99|0x000000070ce00000, 0x000000070ce00000, 0x000000070d000000|  0%| F|  |TAMS 0x000000070ce00000, 0x000000070ce00000| Untracked 
| 100|0x000000070d000000, 0x000000070d000000, 0x000000070d200000|  0%| F|  |TAMS 0x000000070d000000, 0x000000070d000000| Untracked 
| 101|0x000000070d200000, 0x000000070d200000, 0x000000070d400000|  0%| F|  |TAMS 0x000000070d200000, 0x000000070d200000| Untracked 
| 102|0x000000070d400000, 0x000000070d400000, 0x000000070d600000|  0%| F|  |TAMS 0x000000070d400000, 0x000000070d400000| Untracked 
| 103|0x000000070d600000, 0x000000070d600000, 0x000000070d800000|  0%| F|  |TAMS 0x000000070d600000, 0x000000070d600000| Untracked 
| 104|0x000000070d800000, 0x000000070d800000, 0x000000070da00000|  0%| F|  |TAMS 0x000000070d800000, 0x000000070d800000| Untracked 
| 105|0x000000070da00000, 0x000000070da00000, 0x000000070dc00000|  0%| F|  |TAMS 0x000000070da00000, 0x000000070da00000| Untracked 
| 106|0x000000070dc00000, 0x000000070dc00000, 0x000000070de00000|  0%| F|  |TAMS 0x000000070dc00000, 0x000000070dc00000| Untracked 
| 107|0x000000070de00000, 0x000000070de00000, 0x000000070e000000|  0%| F|  |TAMS 0x000000070de00000, 0x000000070de00000| Untracked 
| 108|0x000000070e000000, 0x000000070e000000, 0x000000070e200000|  0%| F|  |TAMS 0x000000070e000000, 0x000000070e000000| Untracked 
| 109|0x000000070e200000, 0x000000070e200000, 0x000000070e400000|  0%| F|  |TAMS 0x000000070e200000, 0x000000070e200000| Untracked 
| 110|0x000000070e400000, 0x000000070e400000, 0x000000070e600000|  0%| F|  |TAMS 0x000000070e400000, 0x000000070e400000| Untracked 
| 111|0x000000070e600000, 0x000000070e600000, 0x000000070e800000|  0%| F|  |TAMS 0x000000070e600000, 0x000000070e600000| Untracked 
| 112|0x000000070e800000, 0x000000070e800000, 0x000000070ea00000|  0%| F|  |TAMS 0x000000070e800000, 0x000000070e800000| Untracked 
| 113|0x000000070ea00000, 0x000000070ea00000, 0x000000070ec00000|  0%| F|  |TAMS 0x000000070ea00000, 0x000000070ea00000| Untracked 
| 114|0x000000070ec00000, 0x000000070ec00000, 0x000000070ee00000|  0%| F|  |TAMS 0x000000070ec00000, 0x000000070ec00000| Untracked 
| 115|0x000000070ee00000, 0x000000070ee00000, 0x000000070f000000|  0%| F|  |TAMS 0x000000070ee00000, 0x000000070ee00000| Untracked 
| 116|0x000000070f000000, 0x000000070f000000, 0x000000070f200000|  0%| F|  |TAMS 0x000000070f000000, 0x000000070f000000| Untracked 
| 117|0x000000070f200000, 0x000000070f400000, 0x000000070f400000|100%| S|CS|TAMS 0x000000070f200000, 0x000000070f200000| Complete 
| 118|0x000000070f400000, 0x000000070f600000, 0x000000070f600000|100%| S|CS|TAMS 0x000000070f400000, 0x000000070f400000| Complete 
| 119|0x000000070f600000, 0x000000070f600000, 0x000000070f800000|  0%| F|  |TAMS 0x000000070f600000, 0x000000070f600000| Untracked 
| 120|0x000000070f800000, 0x000000070f800000, 0x000000070fa00000|  0%| F|  |TAMS 0x000000070f800000, 0x000000070f800000| Untracked 
| 121|0x000000070fa00000, 0x000000070fa00000, 0x000000070fc00000|  0%| F|  |TAMS 0x000000070fa00000, 0x000000070fa00000| Untracked 
| 122|0x000000070fc00000, 0x000000070fc00000, 0x000000070fe00000|  0%| F|  |TAMS 0x000000070fc00000, 0x000000070fc00000| Untracked 
| 123|0x000000070fe00000, 0x000000070fe00000, 0x0000000710000000|  0%| F|  |TAMS 0x000000070fe00000, 0x000000070fe00000| Untracked 
| 124|0x0000000710000000, 0x0000000710000000, 0x0000000710200000|  0%| F|  |TAMS 0x0000000710000000, 0x0000000710000000| Untracked 
| 125|0x0000000710200000, 0x0000000710388458, 0x0000000710400000| 76%| E|  |TAMS 0x0000000710200000, 0x0000000710200000| Complete 
| 126|0x0000000710400000, 0x0000000710600000, 0x0000000710600000|100%| E|  |TAMS 0x0000000710400000, 0x0000000710400000| Complete 
| 127|0x0000000710600000, 0x0000000710800000, 0x0000000710800000|100%| E|CS|TAMS 0x0000000710600000, 0x0000000710600000| Complete 

Card table byte_map: [0x000001dc7ec30000,0x000001dc7f430000] _byte_map_base: 0x000001dc7b42c000

Marking Bits (Prev, Next): (CMBitMap*) 0x000001dc74d5b490, (CMBitMap*) 0x000001dc74d5b4d0
 Prev Bits: [0x000001dc0f000000, 0x000001dc12fe0000)
 Next Bits: [0x000001dc12fe0000, 0x000001dc16fc0000)

Polling page: 0x000001dc74db0000

Metaspace:

Usage:
  Non-class:      8.58 MB used.
      Class:    647.11 KB used.
       Both:      9.22 MB used.

Virtual space:
  Non-class space:       64.00 MB reserved,       8.75 MB ( 14%) committed,  1 nodes.
      Class space:        1.00 GB reserved,     768.00 KB ( <1%) committed,  1 nodes.
             Both:        1.06 GB reserved,       9.50 MB ( <1%) committed. 

Chunk freelists:
   Non-Class:  2.45 MB
       Class:  3.06 MB
        Both:  5.52 MB

MaxMetaspaceSize: unlimited
CompressedClassSpaceSize: 1.00 GB
Initial GC threshold: 21.00 MB
Current GC threshold: 21.00 MB
CDS: on
MetaspaceReclaimPolicy: balanced
 - commit_granule_bytes: 65536.
 - commit_granule_words: 8192.
 - virtual_space_node_default_size: 8388608.
 - enlarge_chunks_in_place: 1.
 - new_chunks_are_fully_committed: 0.
 - uncommit_free_chunks: 1.
 - use_allocation_guard: 0.


Internal statistics:

num_allocs_failed_limit: 0.
num_arena_births: 252.
num_arena_deaths: 0.
num_vsnodes_births: 2.
num_vsnodes_deaths: 0.
num_space_committed: 150.
num_space_uncommitted: 0.
num_chunks_returned_to_freelist: 0.
num_chunks_taken_from_freelist: 522.
num_chunk_merges: 0.
num_chunk_splits: 356.
num_chunks_enlarged: 245.
num_inconsistent_stats: 0.

CodeHeap 'non-profiled nmethods': size=120000Kb used=506Kb max_used=506Kb free=119493Kb
 bounds [0x000001dc07ad0000, 0x000001dc07d40000, 0x000001dc0f000000]
CodeHeap 'profiled nmethods': size=120000Kb used=2513Kb max_used=2513Kb free=117486Kb
 bounds [0x000001dc005a0000, 0x000001dc00820000, 0x000001dc07ad0000]
CodeHeap 'non-nmethods': size=5760Kb used=1776Kb max_used=1852Kb free=3983Kb
 bounds [0x000001dc00000000, 0x000001dc00270000, 0x000001dc005a0000]
 total_blobs=2597 nmethods=1353 adapters=1157
 compilation: enabled
              stopped_count=0, restarted_count=0
 full_count=0

Compilation events (20 events):
Event: 1.393 Thread 0x000001dc19242ac0 1344       3       java.lang.reflect.ReflectAccess::copyField (5 bytes)
Event: 1.393 Thread 0x000001dc19242ac0 nmethod 1344 0x000001dc0080e690 code [0x000001dc0080e840, 0x000001dc0080e988]
Event: 1.396 Thread 0x000001dc19242ac0 1345       3       jdk.internal.loader.URLClassPath$JarLoader$2::getCodeSourceURL (8 bytes)
Event: 1.397 Thread 0x000001dc19242ac0 nmethod 1345 0x000001dc0080ea90 code [0x000001dc0080ec20, 0x000001dc0080ed38]
Event: 1.397 Thread 0x000001dc19242ac0 1346       3       jdk.internal.loader.URLClassPath$JarLoader$2::getManifest (26 bytes)
Event: 1.397 Thread 0x000001dc19242ac0 nmethod 1346 0x000001dc0080ee10 code [0x000001dc0080f040, 0x000001dc0080f708]
Event: 1.397 Thread 0x000001dc19242ac0 1347  s!   3       java.util.jar.JarFile::ensureInitialization (74 bytes)
Event: 1.397 Thread 0x000001dc19242ac0 nmethod 1347 0x000001dc0080fa10 code [0x000001dc0080fc20, 0x000001dc00810258]
Event: 1.397 Thread 0x000001dc19242ac0 1348       3       jdk.internal.loader.URLClassPath$JarLoader$2::getCodeSigners (8 bytes)
Event: 1.397 Thread 0x000001dc19242ac0 nmethod 1348 0x000001dc00810410 code [0x000001dc008105c0, 0x000001dc008107a8]
Event: 1.406 Thread 0x000001dc19242ac0 1349       1       java.lang.reflect.Field::getDeclaringClass (5 bytes)
Event: 1.406 Thread 0x000001dc19242ac0 nmethod 1349 0x000001dc07b3d490 code [0x000001dc07b3d620, 0x000001dc07b3d6f8]
Event: 1.406 Thread 0x000001dc19242ac0 1350   !   3       jdk.internal.loader.Resource::getBytes (244 bytes)
Event: 1.407 Thread 0x000001dc19242ac0 nmethod 1350 0x000001dc00810890 code [0x000001dc00810b80, 0x000001dc00812008]
Event: 1.410 Thread 0x000001dc19236a60 1351       4       java.lang.Class::reflectionData (43 bytes)
Event: 1.410 Thread 0x000001dc19242ac0 1353       3       java.lang.String::newStringUTF8NoRepl (276 bytes)
Event: 1.411 Thread 0x000001dc19242ac0 nmethod 1353 0x000001dc00812910 code [0x000001dc00812be0, 0x000001dc00813e78]
Event: 1.411 Thread 0x000001dc19236a60 nmethod 1351 0x000001dc07b3d790 code [0x000001dc07b3d920, 0x000001dc07b3dac8]
Event: 1.411 Thread 0x000001dc19236a60 1352       4       java.lang.AbstractStringBuilder::append (45 bytes)
Event: 1.416 Thread 0x000001dc19236a60 nmethod 1352 0x000001dc07b3dc10 code [0x000001dc07b3ddc0, 0x000001dc07b3e4b8]

GC Heap History (8 events):
Event: 0.862 GC heap before
{Heap before GC invocations=0 (full 0):
 garbage-first heap   total 262144K, used 10240K [0x0000000700800000, 0x0000000800000000)
  region size 2048K, 6 young (12288K), 0 survivors (0K)
 Metaspace       used 5036K, committed 5312K, reserved 1114112K
  class space    used 325K, committed 448K, reserved 1048576K
}
Event: 0.865 GC heap after
{Heap after GC invocations=1 (full 0):
 garbage-first heap   total 262144K, used 2790K [0x0000000700800000, 0x0000000800000000)
  region size 2048K, 1 young (2048K), 1 survivors (2048K)
 Metaspace       used 5036K, committed 5312K, reserved 1114112K
  class space    used 325K, committed 448K, reserved 1048576K
}
Event: 1.162 GC heap before
{Heap before GC invocations=1 (full 0):
 garbage-first heap   total 262144K, used 13030K [0x0000000700800000, 0x0000000800000000)
  region size 2048K, 7 young (14336K), 1 survivors (2048K)
 Metaspace       used 7936K, committed 8256K, reserved 1114112K
  class space    used 593K, committed 768K, reserved 1048576K
}
Event: 1.167 GC heap after
{Heap after GC invocations=2 (full 0):
 garbage-first heap   total 262144K, used 6659K [0x0000000700800000, 0x0000000800000000)
  region size 2048K, 1 young (2048K), 1 survivors (2048K)
 Metaspace       used 7936K, committed 8256K, reserved 1114112K
  class space    used 593K, committed 768K, reserved 1048576K
}
Event: 1.232 GC heap before
{Heap before GC invocations=2 (full 0):
 garbage-first heap   total 262144K, used 41475K [0x0000000700800000, 0x0000000800000000)
  region size 2048K, 11 young (22528K), 1 survivors (2048K)
 Metaspace       used 7977K, committed 8320K, reserved 1114112K
  class space    used 598K, committed 768K, reserved 1048576K
}
Event: 1.257 GC heap after
{Heap after GC invocations=3 (full 0):
 garbage-first heap   total 262144K, used 29102K [0x0000000700800000, 0x0000000800000000)
  region size 2048K, 2 young (4096K), 2 survivors (4096K)
 Metaspace       used 7977K, committed 8320K, reserved 1114112K
  class space    used 598K, committed 768K, reserved 1048576K
}
Event: 1.285 GC heap before
{Heap before GC invocations=3 (full 0):
 garbage-first heap   total 262144K, used 53678K [0x0000000700800000, 0x0000000800000000)
  region size 2048K, 11 young (22528K), 2 survivors (4096K)
 Metaspace       used 7986K, committed 8320K, reserved 1114112K
  class space    used 598K, committed 768K, reserved 1048576K
}
Event: 1.302 GC heap after
{Heap after GC invocations=4 (full 0):
 garbage-first heap   total 262144K, used 46331K [0x0000000700800000, 0x0000000800000000)
  region size 2048K, 2 young (4096K), 2 survivors (4096K)
 Metaspace       used 7986K, committed 8320K, reserved 1114112K
  class space    used 598K, committed 768K, reserved 1048576K
}

Deoptimization events (20 events):
Event: 0.912 Thread 0x000001dc2b26f030 Uncommon trap: trap_request=0xffffff45 fr.pc=0x000001dc07b11db8 relative=0x0000000000000498
Event: 0.912 Thread 0x000001dc2b26f030 Uncommon trap: reason=unstable_if action=reinterpret pc=0x000001dc07b11db8 method=java.lang.AbstractStringBuilder.inflateIfNeededFor(Ljava/lang/String;)V @ 14 c2
Event: 0.912 Thread 0x000001dc2b26f030 DEOPT PACKING pc=0x000001dc07b11db8 sp=0x0000005a048fc3c0
Event: 0.912 Thread 0x000001dc2b26f030 DEOPT UNPACKING pc=0x000001dc000523a3 sp=0x0000005a048fc260 mode 2
Event: 0.912 Thread 0x000001dc2b26f030 Uncommon trap: trap_request=0xffffff45 fr.pc=0x000001dc07b0de30 relative=0x0000000000000490
Event: 0.912 Thread 0x000001dc2b26f030 Uncommon trap: reason=unstable_if action=reinterpret pc=0x000001dc07b0de30 method=java.lang.AbstractStringBuilder.inflateIfNeededFor(Ljava/lang/String;)V @ 14 c2
Event: 0.912 Thread 0x000001dc2b26f030 DEOPT PACKING pc=0x000001dc07b0de30 sp=0x0000005a048fc350
Event: 0.912 Thread 0x000001dc2b26f030 DEOPT UNPACKING pc=0x000001dc000523a3 sp=0x0000005a048fc258 mode 2
Event: 0.912 Thread 0x000001dc2b26f030 Uncommon trap: trap_request=0xffffff45 fr.pc=0x000001dc07b0cbe8 relative=0x00000000000000e8
Event: 0.912 Thread 0x000001dc2b26f030 Uncommon trap: reason=unstable_if action=reinterpret pc=0x000001dc07b0cbe8 method=java.lang.String.getBytes([BIB)V @ 5 c2
Event: 0.912 Thread 0x000001dc2b26f030 DEOPT PACKING pc=0x000001dc07b0cbe8 sp=0x0000005a048fc270
Event: 0.912 Thread 0x000001dc2b26f030 DEOPT UNPACKING pc=0x000001dc000523a3 sp=0x0000005a048fc238 mode 2
Event: 0.924 Thread 0x000001dc2b26f030 Uncommon trap: trap_request=0xffffff45 fr.pc=0x000001dc07b13128 relative=0x0000000000000208
Event: 0.924 Thread 0x000001dc2b26f030 Uncommon trap: reason=unstable_if action=reinterpret pc=0x000001dc07b13128 method=java.lang.String.startsWith(Ljava/lang/String;I)Z @ 1 c2
Event: 0.924 Thread 0x000001dc2b26f030 DEOPT PACKING pc=0x000001dc07b13128 sp=0x0000005a048fd340
Event: 0.924 Thread 0x000001dc2b26f030 DEOPT UNPACKING pc=0x000001dc000523a3 sp=0x0000005a048fd2a8 mode 2
Event: 1.201 Thread 0x000001dc1d62f8e0 Uncommon trap: trap_request=0xffffff45 fr.pc=0x000001dc07b2882c relative=0x00000000000000ec
Event: 1.202 Thread 0x000001dc1d62f8e0 Uncommon trap: reason=unstable_if action=reinterpret pc=0x000001dc07b2882c method=java.lang.Math.min(FF)F @ 37 c2
Event: 1.202 Thread 0x000001dc1d62f8e0 DEOPT PACKING pc=0x000001dc07b2882c sp=0x0000005a03efecd0
Event: 1.202 Thread 0x000001dc1d62f8e0 DEOPT UNPACKING pc=0x000001dc000523a3 sp=0x0000005a03efec60 mode 2

Classes loaded (20 events):
Event: 0.990 Loading class java/lang/SecurityException
Event: 0.990 Loading class java/lang/SecurityException done
Event: 1.011 Loading class java/util/Scanner
Event: 1.011 Loading class java/util/Scanner done
Event: 1.012 Loading class java/util/Scanner$PatternLRUCache
Event: 1.012 Loading class java/util/Scanner$PatternLRUCache done
Event: 1.012 Loading class java/nio/channels/spi/AbstractInterruptibleChannel$1
Event: 1.012 Loading class sun/nio/ch/Interruptible
Event: 1.012 Loading class sun/nio/ch/Interruptible done
Event: 1.012 Loading class java/nio/channels/spi/AbstractInterruptibleChannel$1 done
Event: 1.013 Loading class java/util/regex/Matcher$ImmutableMatchResult
Event: 1.013 Loading class java/util/regex/Matcher$ImmutableMatchResult done
Event: 1.115 Loading class java/awt/Point
Event: 1.116 Loading class java/awt/geom/Point2D
Event: 1.116 Loading class java/awt/geom/Point2D done
Event: 1.116 Loading class java/awt/Point done
Event: 1.131 Loading class java/lang/invoke/MethodHandle$1
Event: 1.131 Loading class java/lang/invoke/MethodHandle$1 done
Event: 1.320 Loading class java/util/ArrayList$ListItr
Event: 1.320 Loading class java/util/ArrayList$ListItr done

Classes unloaded (0 events):
No events

Classes redefined (0 events):
No events

Internal exceptions (20 events):
Event: 0.626 Thread 0x000001dc1d62f8e0 Exception <a 'java/lang/NoSuchMethodError'{0x000000070fe2dd40}: 'void java.lang.System.loadLibrary(java.lang.String, java.lang.Class)'> (0x000000070fe2dd40) 
thrown [t:\workspace\open\src\hotspot\share\interpreter\linkResolver.cpp, line 766]
Event: 0.634 Thread 0x000001dc1d62f8e0 Exception <a 'sun/nio/fs/WindowsException'{0x000000070fe3f008}> (0x000000070fe3f008) 
thrown [t:\workspace\open\src\hotspot\share\prims\jni.cpp, line 516]
Event: 0.634 Thread 0x000001dc1d62f8e0 Exception <a 'sun/nio/fs/WindowsException'{0x000000070fe3f3a8}> (0x000000070fe3f3a8) 
thrown [t:\workspace\open\src\hotspot\share\prims\jni.cpp, line 516]
Event: 0.638 Thread 0x000001dc1d62f8e0 Exception <a 'sun/nio/fs/WindowsException'{0x000000070fe4e570}> (0x000000070fe4e570) 
thrown [t:\workspace\open\src\hotspot\share\prims\jni.cpp, line 516]
Event: 0.638 Thread 0x000001dc1d62f8e0 Exception <a 'sun/nio/fs/WindowsException'{0x000000070fe4e840}> (0x000000070fe4e840) 
thrown [t:\workspace\open\src\hotspot\share\prims\jni.cpp, line 516]
Event: 0.718 Thread 0x000001dc1d62f8e0 Exception <a 'java/lang/NoSuchMethodError'{0x000000070fff1bb8}: 'void java.lang.System.load(java.lang.String, java.lang.Class)'> (0x000000070fff1bb8) 
thrown [t:\workspace\open\src\hotspot\share\interpreter\linkResolver.cpp, line 766]
Event: 0.719 Thread 0x000001dc1d62f8e0 Exception <a 'java/lang/NoSuchMethodError'{0x000000070fff4b48}: 'void java.lang.System.loadLibrary(java.lang.String, java.lang.Class)'> (0x000000070fff4b48) 
thrown [t:\workspace\open\src\hotspot\share\interpreter\linkResolver.cpp, line 766]
Event: 0.725 Thread 0x000001dc1d62f8e0 Exception <a 'sun/nio/fs/WindowsException'{0x000000070ffff138}> (0x000000070ffff138) 
thrown [t:\workspace\open\src\hotspot\share\prims\jni.cpp, line 516]
Event: 0.725 Thread 0x000001dc1d62f8e0 Exception <a 'sun/nio/fs/WindowsException'{0x000000070ffff4d8}> (0x000000070ffff4d8) 
thrown [t:\workspace\open\src\hotspot\share\prims\jni.cpp, line 516]
Event: 0.783 Thread 0x000001dc1d62f8e0 Exception <a 'java/lang/NoSuchMethodError'{0x000000070fc735a8}: 'void java.lang.System.load(java.lang.String, java.lang.Class)'> (0x000000070fc735a8) 
thrown [t:\workspace\open\src\hotspot\share\interpreter\linkResolver.cpp, line 766]
Event: 0.783 Thread 0x000001dc1d62f8e0 Exception <a 'java/lang/NoSuchMethodError'{0x000000070fc76440}: 'void java.lang.System.loadLibrary(java.lang.String, java.lang.Class)'> (0x000000070fc76440) 
thrown [t:\workspace\open\src\hotspot\share\interpreter\linkResolver.cpp, line 766]
Event: 0.790 Thread 0x000001dc1d62f8e0 Exception <a 'sun/nio/fs/WindowsException'{0x000000070fc879b8}> (0x000000070fc879b8) 
thrown [t:\workspace\open\src\hotspot\share\prims\jni.cpp, line 516]
Event: 0.790 Thread 0x000001dc1d62f8e0 Exception <a 'sun/nio/fs/WindowsException'{0x000000070fc87d38}> (0x000000070fc87d38) 
thrown [t:\workspace\open\src\hotspot\share\prims\jni.cpp, line 516]
Event: 0.883 Thread 0x000001dc2b26f030 Exception <a 'java/lang/NoSuchMethodError'{0x00000007106c21a0}: 'void java.lang.invoke.DelegatingMethodHandle$Holder.reinvoke_L(java.lang.Object, java.lang.Object, int)'> (0x00000007106c21a0) 
thrown [t:\workspace\open\src\hotspot\share\interpreter\linkResolver.cpp, line 766]
Event: 0.884 Thread 0x000001dc2b26f030 Exception <a 'java/lang/NoSuchMethodError'{0x00000007106c9018}: 'void java.lang.invoke.Invokers$Holder.invokeExact_MT(java.lang.Object, java.lang.Object, int, java.lang.Object)'> (0x00000007106c9018) 
thrown [t:\workspace\open\src\hotspot\share\interpreter\linkResolver.cpp, line 766]
Event: 0.904 Thread 0x000001dc2b26f030 Exception <a 'java/lang/ClassNotFoundException'{0x000000071074bc60}: sun/awt/resources/spi/awtProvider> (0x000000071074bc60) 
thrown [t:\workspace\open\src\hotspot\share\classfile\systemDictionary.cpp, line 255]
Event: 0.912 Thread 0x000001dc2b26f030 Exception <a 'java/io/FileNotFoundException'{0x0000000710763998}> (0x0000000710763998) 
thrown [t:\workspace\open\src\hotspot\share\prims\jni.cpp, line 516]
Event: 0.915 Thread 0x000001dc2b26f030 Exception <a 'java/io/FileNotFoundException'{0x000000071078cb88}> (0x000000071078cb88) 
thrown [t:\workspace\open\src\hotspot\share\prims\jni.cpp, line 516]
Event: 0.932 Thread 0x000001dc2b26f030 Exception <a 'java/lang/NoSuchMethodError'{0x00000007107fa618}: 'java.lang.Object java.lang.invoke.DirectMethodHandle$Holder.invokeStaticInit(java.lang.Object, int, int, int, int)'> (0x00000007107fa618) 
thrown [t:\workspace\open\src\hotspot\share\interpreter\linkResolver.cpp, line 766]
Event: 0.966 Thread 0x000001dc2b26f030 Exception <a 'java/lang/NoSuchMethodError'{0x00000007104620c8}: 'java.lang.Object java.lang.invoke.DirectMethodHandle$Holder.invokeStaticInit(java.lang.Object, java.lang.Object, int, int, int, int)'> (0x00000007104620c8) 
thrown [t:\workspace\open\src\hotspot\share\interpreter\linkResolver.cpp, line 766]

VM Operations (16 events):
Event: 0.161 Executing VM operation: HandshakeAllThreads
Event: 0.161 Executing VM operation: HandshakeAllThreads done
Event: 0.233 Executing VM operation: HandshakeAllThreads
Event: 0.233 Executing VM operation: HandshakeAllThreads done
Event: 0.862 Executing VM operation: G1CollectForAllocation
Event: 0.865 Executing VM operation: G1CollectForAllocation done
Event: 0.942 Executing VM operation: HandshakeAllThreads
Event: 0.942 Executing VM operation: HandshakeAllThreads done
Event: 1.162 Executing VM operation: G1CollectForAllocation
Event: 1.167 Executing VM operation: G1CollectForAllocation done
Event: 1.232 Executing VM operation: G1CollectForAllocation
Event: 1.257 Executing VM operation: G1CollectForAllocation done
Event: 1.285 Executing VM operation: G1CollectForAllocation
Event: 1.302 Executing VM operation: G1CollectForAllocation done
Event: 1.320 Executing VM operation: HandshakeAllThreads
Event: 1.320 Executing VM operation: HandshakeAllThreads done

Events (20 events):
Event: 0.044 Thread 0x000001dc1923ad80 Thread added: 0x000001dc1923ad80
Event: 0.074 Thread 0x000001dc1d498f40 Thread added: 0x000001dc1d498f40
Event: 0.078 Thread 0x000001dc1d4a3840 Thread added: 0x000001dc1d4a3840
Event: 0.109 Loaded shared library C:\Program Files\Java\jdk-18\bin\zip.dll
Event: 0.114 Loaded shared library C:\Program Files\Java\jdk-18\bin\jimage.dll
Event: 0.212 Thread 0x000001dc1d62f8e0 Thread added: 0x000001dc1d62f8e0
Event: 0.215 Thread 0x000001dc74cec1d0 Thread exited: 0x000001dc74cec1d0
Event: 0.215 Thread 0x000001dc74cec1d0 Thread added: 0x000001dc74cec1d0
Event: 0.229 Loaded shared library C:\Program Files\Java\jdk-18\bin\net.dll
Event: 0.232 Loaded shared library C:\Program Files\Java\jdk-18\bin\nio.dll
Event: 0.252 Loaded shared library C:\Program Files\Java\jdk-18\bin\verify.dll
Event: 0.330 Loaded shared library C:\Users\konra\AppData\Local\Temp\lwjgl_konra\3.3.6+1\x64\lwjgl.dll
Event: 0.635 Loaded shared library C:\Users\konra\AppData\Local\Temp\lwjgl_konra\3.3.6+1\x64\lwjgl_opengl.dll
Event: 0.726 Loaded shared library C:\Users\konra\AppData\Local\Temp\lwjgl_konra\3.3.6+1\x64\lwjgl_nanovg.dll
Event: 0.791 Loaded shared library C:\Users\konra\AppData\Local\Temp\lwjgl_konra\3.3.6+1\x64\lwjgl_stb.dll
Event: 0.821 Thread 0x000001dc2b26f030 Thread added: 0x000001dc2b26f030
Event: 0.911 Loaded shared library C:\Program Files\Java\jdk-18\bin\awt.dll
Event: 1.014 Thread 0x000001dc2b26f030 Thread exited: 0x000001dc2b26f030
Event: 1.115 Thread 0x000001dc2cf59370 Thread added: 0x000001dc2cf59370
Event: 1.143 Thread 0x000001dc2cf59830 Thread added: 0x000001dc2cf59830


Dynamic libraries:
0x00007ff7287c0000 - 0x00007ff7287d0000 	C:\Program Files\Java\jdk-18\bin\javaw.exe
0x00007ff86f990000 - 0x00007ff86fb88000 	C:\Windows\SYSTEM32\ntdll.dll
0x00007ff86e6e0000 - 0x00007ff86e7a2000 	C:\Windows\System32\KERNEL32.DLL
0x00007ff86d4a0000 - 0x00007ff86d796000 	C:\Windows\System32\KERNELBASE.dll
0x00007ff86d0c0000 - 0x00007ff86d1c0000 	C:\Windows\System32\ucrtbase.dll
0x00007ff8483b0000 - 0x00007ff8483c8000 	C:\Program Files\Java\jdk-18\bin\jli.dll
0x00007ff86e7b0000 - 0x00007ff86e861000 	C:\Windows\System32\ADVAPI32.dll
0x00007ff86dec0000 - 0x00007ff86df5e000 	C:\Windows\System32\msvcrt.dll
0x00007ff86f0d0000 - 0x00007ff86f16f000 	C:\Windows\System32\sechost.dll
0x00007ff86e870000 - 0x00007ff86e993000 	C:\Windows\System32\RPCRT4.dll
0x00007ff86d2a0000 - 0x00007ff86d2c7000 	C:\Windows\System32\bcrypt.dll
0x00007ff86f7b0000 - 0x00007ff86f94d000 	C:\Windows\System32\USER32.dll
0x00007ff86d900000 - 0x00007ff86d922000 	C:\Windows\System32\win32u.dll
0x00007ff86f770000 - 0x00007ff86f79b000 	C:\Windows\System32\GDI32.dll
0x00007ff86d380000 - 0x00007ff86d499000 	C:\Windows\System32\gdi32full.dll
0x00007ff86d020000 - 0x00007ff86d0bd000 	C:\Windows\System32\msvcp_win.dll
0x00007ff845f50000 - 0x00007ff845f6a000 	C:\Program Files\Java\jdk-18\bin\VCRUNTIME140.dll
0x00007ff857840000 - 0x00007ff857ada000 	C:\Windows\WinSxS\amd64_microsoft.windows.common-controls_6595b64144ccf1df_6.0.19041.5915_none_60b4b9d171f9c7c7\COMCTL32.dll
0x00007ff868430000 - 0x00007ff86843a000 	C:\Windows\SYSTEM32\VERSION.dll
0x00007ff86ec60000 - 0x00007ff86ec8f000 	C:\Windows\System32\IMM32.DLL
0x00007ff85ed30000 - 0x00007ff85ed3c000 	C:\Program Files\Java\jdk-18\bin\vcruntime140_1.dll
0x00007ff838100000 - 0x00007ff83818d000 	C:\Program Files\Java\jdk-18\bin\msvcp140.dll
0x00007ff827860000 - 0x00007ff828471000 	C:\Program Files\Java\jdk-18\bin\server\jvm.dll
0x00007ff86e6d0000 - 0x00007ff86e6d8000 	C:\Windows\System32\PSAPI.DLL
0x00007ff85ee90000 - 0x00007ff85ee99000 	C:\Windows\SYSTEM32\WSOCK32.dll
0x00007ff86ee60000 - 0x00007ff86eecb000 	C:\Windows\System32\WS2_32.dll
0x00007ff85f260000 - 0x00007ff85f287000 	C:\Windows\SYSTEM32\WINMM.dll
0x00007ff86aec0000 - 0x00007ff86aed2000 	C:\Windows\SYSTEM32\kernel.appcore.dll
0x00007ff85dbc0000 - 0x00007ff85dbca000 	C:\Program Files\Java\jdk-18\bin\jimage.dll
0x00007ff865a40000 - 0x00007ff865c41000 	C:\Windows\SYSTEM32\DBGHELP.DLL
0x00007ff849ea0000 - 0x00007ff849ed4000 	C:\Windows\SYSTEM32\dbgcore.DLL
0x00007ff86d210000 - 0x00007ff86d292000 	C:\Windows\System32\bcryptPrimitives.dll
0x00007ff843250000 - 0x00007ff843275000 	C:\Program Files\Java\jdk-18\bin\java.dll
0x00007ff82bc90000 - 0x00007ff82bd66000 	C:\Program Files\Java\jdk-18\bin\jsvml.dll
0x00007ff86df60000 - 0x00007ff86e6ce000 	C:\Windows\System32\SHELL32.dll
0x00007ff86b0c0000 - 0x00007ff86b864000 	C:\Windows\SYSTEM32\windows.storage.dll
0x00007ff86db60000 - 0x00007ff86deb3000 	C:\Windows\System32\combase.dll
0x00007ff86ca50000 - 0x00007ff86ca7b000 	C:\Windows\SYSTEM32\Wldp.dll
0x00007ff86eb90000 - 0x00007ff86ec5d000 	C:\Windows\System32\OLEAUT32.dll
0x00007ff86efc0000 - 0x00007ff86f06d000 	C:\Windows\System32\SHCORE.dll
0x00007ff86f070000 - 0x00007ff86f0cb000 	C:\Windows\System32\shlwapi.dll
0x00007ff86cf50000 - 0x00007ff86cf74000 	C:\Windows\SYSTEM32\profapi.dll
0x00007ff845170000 - 0x00007ff845188000 	C:\Program Files\Java\jdk-18\bin\zip.dll
0x00007ff844400000 - 0x00007ff844413000 	C:\Program Files\Java\jdk-18\bin\net.dll
0x00007ff869e60000 - 0x00007ff869f6a000 	C:\Windows\SYSTEM32\WINHTTP.dll
0x00007ff86c7b0000 - 0x00007ff86c81a000 	C:\Windows\system32\mswsock.dll
0x00007ff843ec0000 - 0x00007ff843ed6000 	C:\Program Files\Java\jdk-18\bin\nio.dll
0x00007ff85cc00000 - 0x00007ff85cc10000 	C:\Program Files\Java\jdk-18\bin\verify.dll
0x00007ff832220000 - 0x00007ff83229e000 	C:\Users\konra\AppData\Local\Temp\lwjgl_konra\3.3.6+1\x64\lwjgl.dll
0x00007ff82fbf0000 - 0x00007ff82fc79000 	C:\Users\konra\AppData\Local\Temp\lwjgl_konra\3.3.6+1\x64\glfw.dll
0x00007ff80c1c0000 - 0x00007ff80c205000 	C:\Windows\SYSTEM32\dinput8.dll
0x00007ff843830000 - 0x00007ff843841000 	C:\Windows\SYSTEM32\xinput1_4.dll
0x00007ff86d1c0000 - 0x00007ff86d20e000 	C:\Windows\System32\cfgmgr32.dll
0x00007ff86cdb0000 - 0x00007ff86cde3000 	C:\Windows\SYSTEM32\DEVOBJ.dll
0x00007ff86ace0000 - 0x00007ff86ad0f000 	C:\Windows\SYSTEM32\dwmapi.dll
0x00007ff85f4a0000 - 0x00007ff85f5f2000 	C:\Windows\SYSTEM32\inputhost.dll
0x00007ff869920000 - 0x00007ff869a12000 	C:\Windows\SYSTEM32\CoreMessaging.dll
0x00007ff867ca0000 - 0x00007ff867d94000 	C:\Windows\SYSTEM32\PROPSYS.dll
0x00007ff867e50000 - 0x00007ff867fa7000 	C:\Windows\SYSTEM32\wintypes.dll
0x00007ff8690f0000 - 0x00007ff86944b000 	C:\Windows\SYSTEM32\CoreUIComponents.dll
0x00007ff86c2b0000 - 0x00007ff86c2e3000 	C:\Windows\SYSTEM32\ntmarta.dll
0x00007ff86a8e0000 - 0x00007ff86a97e000 	C:\Windows\system32\uxtheme.dll
0x00007ff86ed40000 - 0x00007ff86ee55000 	C:\Windows\System32\MSCTF.dll
0x00007ff82a830000 - 0x00007ff82a958000 	C:\Windows\SYSTEM32\opengl32.dll
0x00007ff840fc0000 - 0x00007ff840fec000 	C:\Windows\SYSTEM32\GLU32.dll
0x00007ff86ec90000 - 0x00007ff86ed39000 	C:\Windows\System32\clbcatq.dll
0x00007ff840ec0000 - 0x00007ff840eed000 	C:\Windows\System32\DriverStore\FileRepository\u0394204.inf_amd64_6f4f37ba5ae472b3\B394106\atig6pxx.dll
0x00007fff96ef0000 - 0x00007fff9b591000 	C:\Windows\System32\DriverStore\FileRepository\u0394204.inf_amd64_6f4f37ba5ae472b3\B394106\atio6axx.dll
0x00007ff86f1d0000 - 0x00007ff86f640000 	C:\Windows\System32\SETUPAPI.dll
0x00007ff85e070000 - 0x00007ff85e0a5000 	C:\Windows\SYSTEM32\amdihk64.dll
0x00007ff86d930000 - 0x00007ff86d9a3000 	C:\Windows\System32\WINTRUST.dll
0x00007ff86d7a0000 - 0x00007ff86d8fd000 	C:\Windows\System32\CRYPT32.dll
0x00007ff86cbe0000 - 0x00007ff86cbf2000 	C:\Windows\SYSTEM32\MSASN1.dll
0x00007ff85f600000 - 0x00007ff85f6f9000 	C:\Windows\SYSTEM32\textinputframework.dll
0x00007ff830d90000 - 0x00007ff830ded000 	C:\Users\konra\AppData\Local\Temp\lwjgl_konra\3.3.6+1\x64\lwjgl_opengl.dll
0x00007ff82bbf0000 - 0x00007ff82bc83000 	C:\Users\konra\AppData\Local\Temp\lwjgl_konra\3.3.6+1\x64\lwjgl_nanovg.dll
0x00007ff82a790000 - 0x00007ff82a829000 	C:\Users\konra\AppData\Local\Temp\lwjgl_konra\3.3.6+1\x64\lwjgl_stb.dll
0x00007ff864aa0000 - 0x00007ff864b4e000 	C:\Windows\SYSTEM32\mscms.dll
0x00007ff86cf10000 - 0x00007ff86cf3e000 	C:\Windows\SYSTEM32\USERENV.dll
0x00007ff864a80000 - 0x00007ff864a91000 	C:\Windows\SYSTEM32\ColorAdapterClient.dll
0x00007ff86a690000 - 0x00007ff86a6d5000 	C:\Windows\SYSTEM32\icm32.dll
0x00007ff82a600000 - 0x00007ff82a78f000 	C:\Program Files\Java\jdk-18\bin\awt.dll
0x00007ff869dc0000 - 0x00007ff869e54000 	C:\Windows\SYSTEM32\apphelp.dll
0x00007ff86c9b0000 - 0x00007ff86c9c8000 	C:\Windows\SYSTEM32\CRYPTSP.dll
0x00007ff86c060000 - 0x00007ff86c098000 	C:\Windows\system32\rsaenh.dll
0x00007ff86c9a0000 - 0x00007ff86c9ac000 	C:\Windows\SYSTEM32\CRYPTBASE.dll
0x00007ff86c440000 - 0x00007ff86c47b000 	C:\Windows\SYSTEM32\IPHLPAPI.DLL
0x00007ff86f7a0000 - 0x00007ff86f7a8000 	C:\Windows\System32\NSI.dll
0x00007ff865a00000 - 0x00007ff865a17000 	C:\Windows\SYSTEM32\dhcpcsvc6.DLL
0x00007ff867350000 - 0x00007ff86736d000 	C:\Windows\SYSTEM32\dhcpcsvc.DLL
0x00007ff86c490000 - 0x00007ff86c55a000 	C:\Windows\SYSTEM32\DNSAPI.dll

dbghelp: loaded successfully - version: 4.0.5 - missing functions: none
symbol engine: initialized successfully - sym options: 0x614 - pdb path: .;C:\Program Files\Java\jdk-18\bin;C:\Windows\SYSTEM32;C:\Windows\WinSxS\amd64_microsoft.windows.common-controls_6595b64144ccf1df_6.0.19041.5915_none_60b4b9d171f9c7c7;C:\Program Files\Java\jdk-18\bin\server;C:\Users\konra\AppData\Local\Temp\lwjgl_konra\3.3.6+1\x64;C:\Windows\System32\DriverStore\FileRepository\u0394204.inf_amd64_6f4f37ba5ae472b3\B394106

VM Arguments:
jvm_args: -Dfile.encoding=UTF-8 -Dstdout.encoding=UTF-8 -Dstderr.encoding=UTF-8 -XX:+ShowCodeDetailsInExceptionMessages 
java_command: konradn24.tml.Launcher
java_class_path (initial): E:\Java Workspace\The Magland Client\bin;E:\Java Workspace\The Magland Client\lib\gson-2.6.2.jar;E:\Java Workspace\The Magland Client\lib\joml-1.10.8.jar;E:\Java Workspace\The Magland Client\lib\lwjgl.jar;E:\Java Workspace\The Magland Client\lib\lwjgl-assimp.jar;E:\Java Workspace\The Magland Client\lib\lwjgl-assimp-natives-linux.jar;E:\Java Workspace\The Magland Client\lib\lwjgl-assimp-natives-macos.jar;E:\Java Workspace\The Magland Client\lib\lwjgl-assimp-natives-windows.jar;E:\Java Workspace\The Magland Client\lib\lwjgl-glfw.jar;E:\Java Workspace\The Magland Client\lib\lwjgl-glfw-natives-linux.jar;E:\Java Workspace\The Magland Client\lib\lwjgl-glfw-natives-macos.jar;E:\Java Workspace\The Magland Client\lib\lwjgl-glfw-natives-windows.jar;E:\Java Workspace\The Magland Client\lib\lwjgl-nanovg.jar;E:\Java Workspace\The Magland Client\lib\lwjgl-nanovg-natives-linux.jar;E:\Java Workspace\The Magland Client\lib\lwjgl-nanovg-natives-macos.jar;E:\Java Workspace\The Magland Client\lib\lwjgl-nanovg-natives-windows.jar;E:\Java Workspace\The Magland Client\lib\lwjgl-natives-linux.jar;E:\Java Workspace\The Magland Client\lib\lwjgl-natives-macos.jar;E:\Java Workspace\The Magland Client\lib\lwjgl-natives-windows.jar;E:\Java Workspace\The Magland Client\lib\lwjgl-openal.jar;E:\Java Workspace\The Magland Client\lib\lwjgl-openal-natives-linux.jar;E:\Java Workspace\The Magland Client\lib\lwjgl-openal-natives-macos.jar;E:\Java Workspace\The Magland Client\lib\lwjgl-openal-natives-windows.jar;E:\Java Workspace\The Magland Client\lib\lwjgl-opengl.jar;E:\Java Workspace\The Magland Client\lib\lwjgl-opengl-natives-linux.jar;E:\Java Workspace\The Magland Client\lib\lwjgl-opengl-natives-macos.jar;E:\Java Workspace\The Magland Client\lib\lwjgl-opengl-natives-windows.jar;E:\Java Workspace\The Magland Client\lib\lwjgl-stb.jar;E:\Java Workspace\The Magland Client\lib\lwjgl-stb-natives-linux.jar;E:\Java Workspace\The Magland Client\lib\lwjgl-stb-natives-macos.jar;E:\Java Workspace\The Magland Client\lib\lwjgl-stb-natives-windows.jar
Launcher Type: SUN_STANDARD

[Global flags]
     intx CICompilerCount                          = 3                                         {product} {ergonomic}
     uint ConcGCThreads                            = 1                                         {product} {ergonomic}
     uint G1ConcRefinementThreads                  = 4                                         {product} {ergonomic}
   size_t G1HeapRegionSize                         = 2097152                                   {product} {ergonomic}
    uintx GCDrainStackTargetSize                   = 64                                        {product} {ergonomic}
   size_t InitialHeapSize                          = 268435456                                 {product} {ergonomic}
   size_t MarkStackSize                            = 4194304                                   {product} {ergonomic}
   size_t MaxHeapSize                              = 4286578688                                {product} {ergonomic}
   size_t MaxNewSize                               = 2571108352                                {product} {ergonomic}
   size_t MinHeapDeltaBytes                        = 2097152                                   {product} {ergonomic}
   size_t MinHeapSize                              = 8388608                                   {product} {ergonomic}
    uintx NonNMethodCodeHeapSize                   = 5832780                                {pd product} {ergonomic}
    uintx NonProfiledCodeHeapSize                  = 122912730                              {pd product} {ergonomic}
    uintx ProfiledCodeHeapSize                     = 122912730                              {pd product} {ergonomic}
    uintx ReservedCodeCacheSize                    = 251658240                              {pd product} {ergonomic}
     bool SegmentedCodeCache                       = true                                      {product} {ergonomic}
     bool ShowCodeDetailsInExceptionMessages       = true                                   {manageable} {command line}
   size_t SoftMaxHeapSize                          = 4286578688                             {manageable} {ergonomic}
     bool UseCompressedClassPointers               = true                           {product lp64_product} {ergonomic}
     bool UseCompressedOops                        = true                           {product lp64_product} {ergonomic}
     bool UseG1GC                                  = true                                      {product} {ergonomic}
     bool UseLargePagesIndividualAllocation        = false                                  {pd product} {ergonomic}

Logging:
Log output configuration:
 #0: stdout all=warning uptime,level,tags foldmultilines=false
 #1: stderr all=off uptime,level,tags foldmultilines=false

Environment Variables:
PATH=E:/eclipse-2024-12/eclipse//plugins/org.eclipse.justj.openjdk.hotspot.jre.full.win32.x86_64_21.0.5.v20241023-1957/jre/bin/server;E:/eclipse-2024-12/eclipse//plugins/org.eclipse.justj.openjdk.hotspot.jre.full.win32.x86_64_21.0.5.v20241023-1957/jre/bin;C:\Program Files\Common Files\Oracle\Java\javapath;C:\Program Files (x86)\Common Files\Oracle\Java\javapath;C:\Windows\system32;C:\Windows;C:\Windows\System32\Wbem;C:\Windows\System32\WindowsPowerShell\v1.0\;C:\Windows\System32\OpenSSH\;C:\ProgramData\chocolatey\bin;C:\Program Files\Git\cmd;C:\Program Files\nodejs\;C:\Program Files\dotnet\;C:\Program Files\Microsoft SQL Server\150\Tools\Binn\;C:\Program Files\Microsoft SQL Server\Client SDK\ODBC\170\Tools\Binn\;C:\Users\konra\AppData\Local\Programs\Python\Python312;C:\Users\konra\AppData\Local\Programs\Python\Python312\Scripts;E:\Programy\SQLite;C:\Users\konra\AppData\Local\Microsoft\WindowsApps;D:\Microsoft VS Code\bin;C:\Program Files\heroku\bin;C:\Users\konra\AppData\Roaming\npm;E:\Programy\Nmap;C:\Users\konra\.dotnet\tools;C:\Users\konra\AppData\Local\Programs\Python\Python312;C:\Users\konra\AppData\Local\Programs\Python\Python312\Scripts;;E:\Programy\PyCharm 2025.1.1.1\bin;;E:\eclipse-2024-12\eclipse;
USERNAME=konra
OS=Windows_NT
PROCESSOR_IDENTIFIER=Intel64 Family 6 Model 94 Stepping 3, GenuineIntel



---------------  S Y S T E M  ---------------

OS:
 Windows 10 , 64 bit Build 19041 (10.0.19041.5915)
OS uptime: 5 days 8:26 hours

CPU: total 4 (initial active 4) (4 cores per cpu, 1 threads per core) family 6 model 94 stepping 3 microcode 0xcc, cx8, cmov, fxsr, mmx, 3dnowpref, sse, sse2, sse3, ssse3, sse4.1, sse4.2, popcnt, lzcnt, tsc, tscinvbit, avx, avx2, aes, erms, clmul, bmi1, bmi2, adx, fma, vzeroupper, clflush, clflushopt

Memory: 4k page, system-wide physical 16347M (8320M free)
TotalPageFile size 24027M (AvailPageFile size 11730M)
current process WorkingSet (physical memory assigned to process): 226M, peak: 235M
current process commit charge ("private bytes"): 494M, peak: 505M

vm_info: Java HotSpot(TM) 64-Bit Server VM (18+36-2087) for windows-amd64 JRE (18+36-2087), built on Feb 15 2022 09:43:11 by "mach5one" with MS VC++ 16.8 / 16.9 (VS2019)

END.
