#
# A fatal error has been detected by the Java Runtime Environment:
#
#  EXCEPTION_ACCESS_VIOLATION (0xc0000005) at pc=0x00007fff9922695c, pid=6004, tid=3196
#
# JRE version: Java(TM) SE Runtime Environment (18.0+36) (build 18+36-2087)
# Java VM: Java HotSpot(TM) 64-Bit Server VM (18+36-2087, mixed mode, sharing, tiered, compressed oops, compressed class ptrs, g1 gc, windows-amd64)
# Problematic frame:
# C  [atio6axx.dll+0x233695c]
#
# No core dump will be written. Minidumps are not enabled by default on client versions of Windows
#
# If you would like to submit a bug report, please visit:
#   https://bugreport.java.com/bugreport/crash.jsp
# The crash happened outside the Java Virtual Machine in native code.
# See problematic frame for where to report the bug.
#

---------------  S U M M A R Y ------------

Command Line: -Dfile.encoding=UTF-8 -Dstdout.encoding=UTF-8 -Dstderr.encoding=UTF-8 -XX:+ShowCodeDetailsInExceptionMessages konradn24.tml.Launcher

Host: Intel(R) Core(TM) i5-6400 CPU @ 2.70GHz, 4 cores, 15G,  Windows 10 , 64 bit Build 19041 (10.0.19041.5915)
Time: Sat Aug 16 02:45:24 2025  Windows 10 , 64 bit Build 19041 (10.0.19041.5915) elapsed time: 1.263840 seconds (0d 0h 0m 1s)

---------------  T H R E A D  ---------------

Current thread (0x000001a11dfd9810):  JavaThread "Thread-1" [_thread_in_native, id=3196, stack(0x0000002c59200000,0x0000002c59300000)]

Stack: [0x0000002c59200000,0x0000002c59300000],  sp=0x0000002c592fefe8,  free space=1019k
Native frames: (J=compiled Java code, j=interpreted, Vv=VM code, C=native code)
C  [atio6axx.dll+0x233695c]

Java frames: (J=compiled Java code, j=interpreted, Vv=VM code)
j  org.lwjgl.opengl.GL11C.nglDrawElements(IIIJ)V+0
j  org.lwjgl.opengl.GL11C.glDrawElements(IIIJ)V+4
j  org.lwjgl.opengl.GL11.glDrawElements(IIIJ)V+4
j  konradn24.tml.graphics.renderer.BatchRenderer.render(Lorg/joml/Matrix4f;)V+205
j  konradn24.tml.entities.EntityManager.render()V+14
j  konradn24.tml.worlds.generator.World.renderAll()V+8
j  konradn24.tml.states.gamestates.PlayState.render()V+4
j  konradn24.tml.Game.render()V+22
j  konradn24.tml.Game.run()V+39
j  java.lang.Thread.run()V+11 java.base@18
v  ~StubRoutines::call_stub

siginfo: EXCEPTION_ACCESS_VIOLATION (0xc0000005), reading address 0x0000000000000000


Register to memory mapping:

RIP=0x00007fff9922695c atio6axx.dll
RAX=0x000001a129eedf88 points into unknown readable memory: 0x0000000000000000 | 00 00 00 00 00 00 00 00
RBX=0x0000000000000738 is an unknown value
RCX=0x000001a129eedf88 points into unknown readable memory: 0x0000000000000000 | 00 00 00 00 00 00 00 00
RDX=0x0 is NULL
RSP=0x0000002c592fefe8 is pointing into the stack for thread: 0x000001a11dfd9810
RBP=0x000001a129daa3c0 points into unknown readable memory: 0x000001a129edb040 | 40 b0 ed 29 a1 01 00 00
RSI=0x000001a129c67080 points into unknown readable memory: 0x00007fff9aa60ad8 | d8 0a a6 9a ff 7f 00 00
RDI=0x000001a129eedf60 points into unknown readable memory: 0x0000000000000000 | 00 00 00 00 00 00 00 00
R8 =0x0000000000000738 is an unknown value
R9 =0x0000000000000738 is an unknown value
R10=0x00007fff96ef0000 atio6axx.dll
R11=0x0000000000000140 is an unknown value
R12=0x0000000000000738 is an unknown value
R13=0x0000000000000738 is an unknown value
R14=0x0 is NULL
R15=0x0 is NULL


Registers:
RAX=0x000001a129eedf88, RBX=0x0000000000000738, RCX=0x000001a129eedf88, RDX=0x0000000000000000
RSP=0x0000002c592fefe8, RBP=0x000001a129daa3c0, RSI=0x000001a129c67080, RDI=0x000001a129eedf60
R8 =0x0000000000000738, R9 =0x0000000000000738, R10=0x00007fff96ef0000, R11=0x0000000000000140
R12=0x0000000000000738, R13=0x0000000000000738, R14=0x0000000000000000, R15=0x0000000000000000
RIP=0x00007fff9922695c, EFLAGS=0x0000000000010283

Top of Stack: (sp=0x0000002c592fefe8)
0x0000002c592fefe8:   00007fff975308c1 0000000000000000
0x0000002c592feff8:   0000000000000000 00007ff828190018
0x0000002c592ff008:   000001a11e1bf950 000001a129eedf88
0x0000002c592ff018:   000001a129eedf60 0000000000000760
0x0000002c592ff028:   00007fff9882ba7e 0000000200000005
0x0000002c592ff038:   0000000000000004 0000000000001405
0x0000002c592ff048:   000001a11a22e578 0000000000000000
0x0000002c592ff058:   000001a12962c248 00000000000001ce
0x0000002c592ff068:   000001a129c67080 0000000000000000
0x0000002c592ff078:   00007fff9761bd55 000001a129c67080
0x0000002c592ff088:   000001a100000004 00000000000001ce
0x0000002c592ff098:   000001a100001405 0000000000000000
0x0000002c592ff0a8:   000001a100000001 000001a11a22e578
0x0000002c592ff0b8:   000001a11dfd9810 000001a129c67080
0x0000002c592ff0c8:   000001a10000d400 000001a12962c248
0x0000002c592ff0d8:   000001a11a22e500 000001a11dfd9810 

Instructions: (pc=0x00007fff9922695c)
0x00007fff9922685c:   89 08 66 44 89 40 04 44 88 48 06 c3 4c 8b 02 8b
0x00007fff9922686c:   4a 08 44 0f b7 4a 0c 4c 89 00 89 48 08 66 44 89
0x00007fff9922687c:   48 0c c3 0f b7 0a 44 0f b6 42 02 66 89 08 44 88
0x00007fff9922688c:   40 02 c3 90 4c 8b 02 8b 4a 08 44 0f b6 4a 0c 4c
0x00007fff9922689c:   89 00 89 48 08 44 88 48 0c c3 4c 8b 02 0f b7 4a
0x00007fff992268ac:   08 4c 89 00 66 89 48 08 c3 4c 8b 02 0f b6 4a 08
0x00007fff992268bc:   4c 89 00 88 48 08 c3 4c 8b 02 8b 4a 08 4c 89 00
0x00007fff992268cc:   89 48 08 c3 8b 0a 44 0f b7 42 04 89 08 66 44 89
0x00007fff992268dc:   40 04 c3 8b 0a 44 0f b6 42 04 89 08 44 88 40 04
0x00007fff992268ec:   c3 48 8b 0a 48 89 08 c3 0f b6 0a 88 08 c3 8b 0a
0x00007fff992268fc:   89 08 c3 90 49 83 f8 20 77 17 f3 0f 6f 0a f3 42
0x00007fff9922690c:   0f 6f 54 02 f0 f3 0f 7f 09 f3 42 0f 7f 54 01 f0
0x00007fff9922691c:   c3 48 3b d1 73 0e 4e 8d 0c 02 49 3b c9 0f 82 41
0x00007fff9922692c:   04 00 00 90 83 3d 29 c7 e8 01 03 0f 82 e3 02 00
0x00007fff9922693c:   00 49 81 f8 00 20 00 00 76 16 49 81 f8 00 00 18
0x00007fff9922694c:   00 77 0d f6 05 3e 18 04 02 02 0f 85 64 fe ff ff
0x00007fff9922695c:   c5 fe 6f 02 c4 a1 7e 6f 6c 02 e0 49 81 f8 00 01
0x00007fff9922696c:   00 00 0f 86 c4 00 00 00 4c 8b c9 49 83 e1 1f 49
0x00007fff9922697c:   83 e9 20 49 2b c9 49 2b d1 4d 03 c1 49 81 f8 00
0x00007fff9922698c:   01 00 00 0f 86 a3 00 00 00 49 81 f8 00 00 18 00
0x00007fff9922699c:   0f 87 3e 01 00 00 66 66 66 66 66 66 0f 1f 84 00
0x00007fff992269ac:   00 00 00 00 c5 fe 6f 0a c5 fe 6f 52 20 c5 fe 6f
0x00007fff992269bc:   5a 40 c5 fe 6f 62 60 c5 fd 7f 09 c5 fd 7f 51 20
0x00007fff992269cc:   c5 fd 7f 59 40 c5 fd 7f 61 60 c5 fe 6f 8a 80 00
0x00007fff992269dc:   00 00 c5 fe 6f 92 a0 00 00 00 c5 fe 6f 9a c0 00
0x00007fff992269ec:   00 00 c5 fe 6f a2 e0 00 00 00 c5 fd 7f 89 80 00
0x00007fff992269fc:   00 00 c5 fd 7f 91 a0 00 00 00 c5 fd 7f 99 c0 00
0x00007fff99226a0c:   00 00 c5 fd 7f a1 e0 00 00 00 48 81 c1 00 01 00
0x00007fff99226a1c:   00 48 81 c2 00 01 00 00 49 81 e8 00 01 00 00 49
0x00007fff99226a2c:   81 f8 00 01 00 00 0f 83 78 ff ff ff 4d 8d 48 1f
0x00007fff99226a3c:   49 83 e1 e0 4d 8b d9 49 c1 eb 05 47 8b 9c 9a 40
0x00007fff99226a4c:   40 59 04 4d 03 da 41 ff e3 c4 a1 7e 6f 8c 0a 00 


Stack slot to memory mapping:
stack at sp + 0 slots: 0x00007fff975308c1 atio6axx.dll
stack at sp + 1 slots: 0x0 is NULL
stack at sp + 2 slots: 0x0 is NULL
stack at sp + 3 slots: 0x00007ff828190018 jvm.dll
stack at sp + 4 slots: 0x000001a11e1bf950 points into unknown readable memory: 0x492800075abc000c | 0c 00 bc 5a 07 00 28 49
stack at sp + 5 slots: 0x000001a129eedf88 points into unknown readable memory: 0x0000000000000000 | 00 00 00 00 00 00 00 00
stack at sp + 6 slots: 0x000001a129eedf60 points into unknown readable memory: 0x0000000000000000 | 00 00 00 00 00 00 00 00
stack at sp + 7 slots: 0x0000000000000760 is an unknown value


---------------  P R O C E S S  ---------------

Threads class SMR info:
_java_thread_list=0x000001a12d575b50, length=15, elements={
0x000001a119b28070, 0x000001a119b28d20, 0x000001a119b43b80, 0x000001a119b44430,
0x000001a119b46cf0, 0x000001a119b4a1d0, 0x000001a119b4e140, 0x000001a119b56650,
0x000001a119b6bce0, 0x000001a11ddb2880, 0x000001a11ddbd3d0, 0x000001a11dfd9810,
0x000001a1774db570, 0x000001a12d14bdf0, 0x000001a12d14c2b0
}

Java Threads: ( => current thread )
  0x000001a119b28070 JavaThread "Reference Handler" daemon [_thread_blocked, id=7164, stack(0x0000002c58600000,0x0000002c58700000)]
  0x000001a119b28d20 JavaThread "Finalizer" daemon [_thread_blocked, id=6152, stack(0x0000002c58700000,0x0000002c58800000)]
  0x000001a119b43b80 JavaThread "Signal Dispatcher" daemon [_thread_blocked, id=3636, stack(0x0000002c58800000,0x0000002c58900000)]
  0x000001a119b44430 JavaThread "Attach Listener" daemon [_thread_blocked, id=1044, stack(0x0000002c58900000,0x0000002c58a00000)]
  0x000001a119b46cf0 JavaThread "Service Thread" daemon [_thread_blocked, id=15328, stack(0x0000002c58a00000,0x0000002c58b00000)]
  0x000001a119b4a1d0 JavaThread "Monitor Deflation Thread" daemon [_thread_blocked, id=3724, stack(0x0000002c58b00000,0x0000002c58c00000)]
  0x000001a119b4e140 JavaThread "C2 CompilerThread0" daemon [_thread_blocked, id=14332, stack(0x0000002c58c00000,0x0000002c58d00000)]
  0x000001a119b56650 JavaThread "C1 CompilerThread0" daemon [_thread_blocked, id=8296, stack(0x0000002c58d00000,0x0000002c58e00000)]
  0x000001a119b6bce0 JavaThread "Sweeper thread" daemon [_thread_blocked, id=3504, stack(0x0000002c58e00000,0x0000002c58f00000)]
  0x000001a11ddb2880 JavaThread "Notification Thread" daemon [_thread_blocked, id=18368, stack(0x0000002c58f00000,0x0000002c59000000)]
  0x000001a11ddbd3d0 JavaThread "Common-Cleaner" daemon [_thread_blocked, id=15796, stack(0x0000002c59100000,0x0000002c59200000)]
=>0x000001a11dfd9810 JavaThread "Thread-1" [_thread_in_native, id=3196, stack(0x0000002c59200000,0x0000002c59300000)]
  0x000001a1774db570 JavaThread "DestroyJavaVM" [_thread_blocked, id=11384, stack(0x0000002c57f00000,0x0000002c58000000)]
  0x000001a12d14bdf0 JavaThread "Thread-3" daemon [_thread_blocked, id=22484, stack(0x0000002c59b00000,0x0000002c59c00000)]
  0x000001a12d14c2b0 JavaThread "C2 CompilerThread1" daemon [_thread_blocked, id=16272, stack(0x0000002c59f00000,0x0000002c5a000000)]

Other Threads:
  0x000001a177569a20 VMThread "VM Thread" [stack: 0x0000002c58500000,0x0000002c58600000] [id=12060]
  0x000001a11ddb5150 WatcherThread "VM Periodic Task Thread" [stack: 0x0000002c59000000,0x0000002c59100000] [id=9388]
  0x000001a17754b130 WorkerThread "GC Thread#0" [stack: 0x0000002c58000000,0x0000002c58100000] [id=5868]
  0x000001a12bb59f80 WorkerThread "GC Thread#1" [stack: 0x0000002c59c00000,0x0000002c59d00000] [id=2772]
  0x000001a12bb6b320 WorkerThread "GC Thread#2" [stack: 0x0000002c59d00000,0x0000002c59e00000] [id=2604]
  0x000001a12bb6b5c0 WorkerThread "GC Thread#3" [stack: 0x0000002c59e00000,0x0000002c59f00000] [id=10988]
  0x000001a17755c690 ConcurrentGCThread "G1 Main Marker" [stack: 0x0000002c58100000,0x0000002c58200000] [id=15052]
  0x000001a17755dfa0 WorkerThread "G1 Conc#0" [stack: 0x0000002c58200000,0x0000002c58300000] [id=10608]
  0x000001a17759de90 ConcurrentGCThread "G1 Refine#0" [stack: 0x0000002c58300000,0x0000002c58400000] [id=3480]
  0x000001a12b5f0950 ConcurrentGCThread "G1 Refine#1" [stack: 0x0000002c5a000000,0x0000002c5a100000] [id=12668]
  0x000001a12d577b50 ConcurrentGCThread "G1 Refine#2" [stack: 0x0000002c5a100000,0x0000002c5a200000] [id=18044]
  0x000001a12e314c70 ConcurrentGCThread "G1 Refine#3" [stack: 0x0000002c5a200000,0x0000002c5a300000] [id=11904]
  0x000001a17759e6b0 ConcurrentGCThread "G1 Service" [stack: 0x0000002c58400000,0x0000002c58500000] [id=504]

Threads with active compile tasks:

VM state: not at safepoint (normal execution)

VM Mutex/Monitor currently owned by a thread: None

Heap address: 0x0000000700800000, size: 4088 MB, Compressed Oops mode: Zero based, Oop shift amount: 3

CDS archive(s) mapped at: [0x0000000800000000-0x0000000800ba0000-0x0000000800ba0000), size 12189696, SharedBaseAddress: 0x0000000800000000, ArchiveRelocationMode: 0.
Compressed class space mapped at: 0x0000000800c00000-0x0000000840c00000, reserved size: 1073741824
Narrow klass base: 0x0000000800000000, Narrow klass shift: 0, Narrow klass range: 0x100000000

GC Precious Log:
 CardTable entry size: 512
 Card Set container configuration: InlinePtr #cards 4 size 8 Array Of Cards #cards 16 size 48 Howl #buckets 8 coarsen threshold 3686 Howl Bitmap #cards 512 size 80 coarsen threshold 460 Card regions per heap region 1 cards per card region 4096
 CPUs: 4 total, 4 available
 Memory: 16347M
 Large Page Support: Disabled
 NUMA Support: Disabled
 Compressed Oops: Enabled (Zero based)
 Heap Region Size: 2M
 Heap Min Capacity: 8M
 Heap Initial Capacity: 256M
 Heap Max Capacity: 4088M
 Pre-touch: Disabled
 Parallel Workers: 4
 Concurrent Workers: 1
 Concurrent Refinement Workers: 4
 Periodic GC: Disabled

Heap:
 garbage-first heap   total 262144K, used 56239K [0x0000000700800000, 0x0000000800000000)
  region size 2048K, 5 young (10240K), 2 survivors (4096K)
 Metaspace       used 9421K, committed 9664K, reserved 1114112K
  class space    used 646K, committed 768K, reserved 1048576K

Heap Regions: E=young(eden), S=young(survivor), O=old, HS=humongous(starts), HC=humongous(continues), CS=collection set, F=free, OA=open archive, CA=closed archive, TAMS=top-at-mark-start (previous, next)
|   0|0x0000000700800000, 0x0000000700a00000, 0x0000000700a00000|100%| O|  |TAMS 0x0000000700800000, 0x0000000700800000| Untracked 
|   1|0x0000000700a00000, 0x0000000700c00000, 0x0000000700c00000|100%| O|  |TAMS 0x0000000700a00000, 0x0000000700a00000| Untracked 
|   2|0x0000000700c00000, 0x0000000700e00000, 0x0000000700e00000|100%| O|  |TAMS 0x0000000700c00000, 0x0000000700c00000| Untracked 
|   3|0x0000000700e00000, 0x0000000701000000, 0x0000000701000000|100%|HS|  |TAMS 0x0000000700e00000, 0x0000000700e00000| Complete 
|   4|0x0000000701000000, 0x0000000701200000, 0x0000000701200000|100%|HS|  |TAMS 0x0000000701000000, 0x0000000701000000| Complete 
|   5|0x0000000701200000, 0x0000000701400000, 0x0000000701400000|100%|HC|  |TAMS 0x0000000701200000, 0x0000000701200000| Complete 
|   6|0x0000000701400000, 0x0000000701600000, 0x0000000701600000|100%|HS|  |TAMS 0x0000000701400000, 0x0000000701400000| Complete 
|   7|0x0000000701600000, 0x0000000701800000, 0x0000000701800000|100%|HS|  |TAMS 0x0000000701600000, 0x0000000701600000| Complete 
|   8|0x0000000701800000, 0x0000000701a00000, 0x0000000701a00000|100%|HS|  |TAMS 0x0000000701800000, 0x0000000701800000| Complete 
|   9|0x0000000701a00000, 0x0000000701c00000, 0x0000000701c00000|100%|HC|  |TAMS 0x0000000701a00000, 0x0000000701a00000| Complete 
|  10|0x0000000701c00000, 0x0000000701e00000, 0x0000000701e00000|100%|HS|  |TAMS 0x0000000701c00000, 0x0000000701c00000| Complete 
|  11|0x0000000701e00000, 0x0000000702000000, 0x0000000702000000|100%| O|  |TAMS 0x0000000701e00000, 0x0000000701e00000| Untracked 
|  12|0x0000000702000000, 0x0000000702200000, 0x0000000702200000|100%| O|  |TAMS 0x0000000702000000, 0x0000000702000000| Untracked 
|  13|0x0000000702200000, 0x0000000702400000, 0x0000000702400000|100%| O|  |TAMS 0x0000000702200000, 0x0000000702200000| Untracked 
|  14|0x0000000702400000, 0x0000000702600000, 0x0000000702600000|100%| O|  |TAMS 0x0000000702400000, 0x0000000702400000| Untracked 
|  15|0x0000000702600000, 0x0000000702800000, 0x0000000702800000|100%|HS|  |TAMS 0x0000000702600000, 0x0000000702600000| Complete 
|  16|0x0000000702800000, 0x0000000702a00000, 0x0000000702a00000|100%|HC|  |TAMS 0x0000000702800000, 0x0000000702800000| Complete 
|  17|0x0000000702a00000, 0x0000000702c00000, 0x0000000702c00000|100%| O|  |TAMS 0x0000000702a00000, 0x0000000702a00000| Untracked 
|  18|0x0000000702c00000, 0x0000000702e00000, 0x0000000702e00000|100%| O|  |TAMS 0x0000000702c00000, 0x0000000702c00000| Untracked 
|  19|0x0000000702e00000, 0x0000000703000000, 0x0000000703000000|100%| O|  |TAMS 0x0000000702e00000, 0x0000000702e00000| Untracked 
|  20|0x0000000703000000, 0x0000000703200000, 0x0000000703200000|100%| O|  |TAMS 0x0000000703000000, 0x0000000703000000| Untracked 
|  21|0x0000000703200000, 0x00000007032ebe00, 0x0000000703400000| 46%| O|  |TAMS 0x0000000703200000, 0x0000000703200000| Untracked 
|  22|0x0000000703400000, 0x0000000703600000, 0x0000000703600000|100%|HS|  |TAMS 0x0000000703400000, 0x0000000703400000| Complete 
|  23|0x0000000703600000, 0x0000000703800000, 0x0000000703800000|100%|HC|  |TAMS 0x0000000703600000, 0x0000000703600000| Complete 
|  24|0x0000000703800000, 0x0000000703a00000, 0x0000000703a00000|100%|HS|  |TAMS 0x0000000703800000, 0x0000000703800000| Complete 
|  25|0x0000000703a00000, 0x0000000703a00000, 0x0000000703c00000|  0%| F|  |TAMS 0x0000000703a00000, 0x0000000703a00000| Untracked 
|  26|0x0000000703c00000, 0x0000000703c00000, 0x0000000703e00000|  0%| F|  |TAMS 0x0000000703c00000, 0x0000000703c00000| Untracked 
|  27|0x0000000703e00000, 0x0000000703e00000, 0x0000000704000000|  0%| F|  |TAMS 0x0000000703e00000, 0x0000000703e00000| Untracked 
|  28|0x0000000704000000, 0x0000000704000000, 0x0000000704200000|  0%| F|  |TAMS 0x0000000704000000, 0x0000000704000000| Untracked 
|  29|0x0000000704200000, 0x0000000704200000, 0x0000000704400000|  0%| F|  |TAMS 0x0000000704200000, 0x0000000704200000| Untracked 
|  30|0x0000000704400000, 0x0000000704400000, 0x0000000704600000|  0%| F|  |TAMS 0x0000000704400000, 0x0000000704400000| Untracked 
|  31|0x0000000704600000, 0x0000000704600000, 0x0000000704800000|  0%| F|  |TAMS 0x0000000704600000, 0x0000000704600000| Untracked 
|  32|0x0000000704800000, 0x0000000704800000, 0x0000000704a00000|  0%| F|  |TAMS 0x0000000704800000, 0x0000000704800000| Untracked 
|  33|0x0000000704a00000, 0x0000000704a00000, 0x0000000704c00000|  0%| F|  |TAMS 0x0000000704a00000, 0x0000000704a00000| Untracked 
|  34|0x0000000704c00000, 0x0000000704c00000, 0x0000000704e00000|  0%| F|  |TAMS 0x0000000704c00000, 0x0000000704c00000| Untracked 
|  35|0x0000000704e00000, 0x0000000704e00000, 0x0000000705000000|  0%| F|  |TAMS 0x0000000704e00000, 0x0000000704e00000| Untracked 
|  36|0x0000000705000000, 0x0000000705000000, 0x0000000705200000|  0%| F|  |TAMS 0x0000000705000000, 0x0000000705000000| Untracked 
|  37|0x0000000705200000, 0x0000000705200000, 0x0000000705400000|  0%| F|  |TAMS 0x0000000705200000, 0x0000000705200000| Untracked 
|  38|0x0000000705400000, 0x0000000705400000, 0x0000000705600000|  0%| F|  |TAMS 0x0000000705400000, 0x0000000705400000| Untracked 
|  39|0x0000000705600000, 0x0000000705600000, 0x0000000705800000|  0%| F|  |TAMS 0x0000000705600000, 0x0000000705600000| Untracked 
|  40|0x0000000705800000, 0x0000000705800000, 0x0000000705a00000|  0%| F|  |TAMS 0x0000000705800000, 0x0000000705800000| Untracked 
|  41|0x0000000705a00000, 0x0000000705a00000, 0x0000000705c00000|  0%| F|  |TAMS 0x0000000705a00000, 0x0000000705a00000| Untracked 
|  42|0x0000000705c00000, 0x0000000705c00000, 0x0000000705e00000|  0%| F|  |TAMS 0x0000000705c00000, 0x0000000705c00000| Untracked 
|  43|0x0000000705e00000, 0x0000000705e00000, 0x0000000706000000|  0%| F|  |TAMS 0x0000000705e00000, 0x0000000705e00000| Untracked 
|  44|0x0000000706000000, 0x0000000706000000, 0x0000000706200000|  0%| F|  |TAMS 0x0000000706000000, 0x0000000706000000| Untracked 
|  45|0x0000000706200000, 0x0000000706200000, 0x0000000706400000|  0%| F|  |TAMS 0x0000000706200000, 0x0000000706200000| Untracked 
|  46|0x0000000706400000, 0x0000000706400000, 0x0000000706600000|  0%| F|  |TAMS 0x0000000706400000, 0x0000000706400000| Untracked 
|  47|0x0000000706600000, 0x0000000706600000, 0x0000000706800000|  0%| F|  |TAMS 0x0000000706600000, 0x0000000706600000| Untracked 
|  48|0x0000000706800000, 0x0000000706800000, 0x0000000706a00000|  0%| F|  |TAMS 0x0000000706800000, 0x0000000706800000| Untracked 
|  49|0x0000000706a00000, 0x0000000706a00000, 0x0000000706c00000|  0%| F|  |TAMS 0x0000000706a00000, 0x0000000706a00000| Untracked 
|  50|0x0000000706c00000, 0x0000000706c00000, 0x0000000706e00000|  0%| F|  |TAMS 0x0000000706c00000, 0x0000000706c00000| Untracked 
|  51|0x0000000706e00000, 0x0000000706e00000, 0x0000000707000000|  0%| F|  |TAMS 0x0000000706e00000, 0x0000000706e00000| Untracked 
|  52|0x0000000707000000, 0x0000000707000000, 0x0000000707200000|  0%| F|  |TAMS 0x0000000707000000, 0x0000000707000000| Untracked 
|  53|0x0000000707200000, 0x0000000707200000, 0x0000000707400000|  0%| F|  |TAMS 0x0000000707200000, 0x0000000707200000| Untracked 
|  54|0x0000000707400000, 0x0000000707400000, 0x0000000707600000|  0%| F|  |TAMS 0x0000000707400000, 0x0000000707400000| Untracked 
|  55|0x0000000707600000, 0x0000000707600000, 0x0000000707800000|  0%| F|  |TAMS 0x0000000707600000, 0x0000000707600000| Untracked 
|  56|0x0000000707800000, 0x0000000707800000, 0x0000000707a00000|  0%| F|  |TAMS 0x0000000707800000, 0x0000000707800000| Untracked 
|  57|0x0000000707a00000, 0x0000000707a00000, 0x0000000707c00000|  0%| F|  |TAMS 0x0000000707a00000, 0x0000000707a00000| Untracked 
|  58|0x0000000707c00000, 0x0000000707c00000, 0x0000000707e00000|  0%| F|  |TAMS 0x0000000707c00000, 0x0000000707c00000| Untracked 
|  59|0x0000000707e00000, 0x0000000707e00000, 0x0000000708000000|  0%| F|  |TAMS 0x0000000707e00000, 0x0000000707e00000| Untracked 
|  60|0x0000000708000000, 0x0000000708000000, 0x0000000708200000|  0%| F|  |TAMS 0x0000000708000000, 0x0000000708000000| Untracked 
|  61|0x0000000708200000, 0x0000000708200000, 0x0000000708400000|  0%| F|  |TAMS 0x0000000708200000, 0x0000000708200000| Untracked 
|  62|0x0000000708400000, 0x0000000708400000, 0x0000000708600000|  0%| F|  |TAMS 0x0000000708400000, 0x0000000708400000| Untracked 
|  63|0x0000000708600000, 0x0000000708600000, 0x0000000708800000|  0%| F|  |TAMS 0x0000000708600000, 0x0000000708600000| Untracked 
|  64|0x0000000708800000, 0x0000000708800000, 0x0000000708a00000|  0%| F|  |TAMS 0x0000000708800000, 0x0000000708800000| Untracked 
|  65|0x0000000708a00000, 0x0000000708a00000, 0x0000000708c00000|  0%| F|  |TAMS 0x0000000708a00000, 0x0000000708a00000| Untracked 
|  66|0x0000000708c00000, 0x0000000708c00000, 0x0000000708e00000|  0%| F|  |TAMS 0x0000000708c00000, 0x0000000708c00000| Untracked 
|  67|0x0000000708e00000, 0x0000000708e00000, 0x0000000709000000|  0%| F|  |TAMS 0x0000000708e00000, 0x0000000708e00000| Untracked 
|  68|0x0000000709000000, 0x0000000709000000, 0x0000000709200000|  0%| F|  |TAMS 0x0000000709000000, 0x0000000709000000| Untracked 
|  69|0x0000000709200000, 0x0000000709200000, 0x0000000709400000|  0%| F|  |TAMS 0x0000000709200000, 0x0000000709200000| Untracked 
|  70|0x0000000709400000, 0x0000000709400000, 0x0000000709600000|  0%| F|  |TAMS 0x0000000709400000, 0x0000000709400000| Untracked 
|  71|0x0000000709600000, 0x0000000709600000, 0x0000000709800000|  0%| F|  |TAMS 0x0000000709600000, 0x0000000709600000| Untracked 
|  72|0x0000000709800000, 0x0000000709800000, 0x0000000709a00000|  0%| F|  |TAMS 0x0000000709800000, 0x0000000709800000| Untracked 
|  73|0x0000000709a00000, 0x0000000709a00000, 0x0000000709c00000|  0%| F|  |TAMS 0x0000000709a00000, 0x0000000709a00000| Untracked 
|  74|0x0000000709c00000, 0x0000000709c00000, 0x0000000709e00000|  0%| F|  |TAMS 0x0000000709c00000, 0x0000000709c00000| Untracked 
|  75|0x0000000709e00000, 0x0000000709e00000, 0x000000070a000000|  0%| F|  |TAMS 0x0000000709e00000, 0x0000000709e00000| Untracked 
|  76|0x000000070a000000, 0x000000070a000000, 0x000000070a200000|  0%| F|  |TAMS 0x000000070a000000, 0x000000070a000000| Untracked 
|  77|0x000000070a200000, 0x000000070a200000, 0x000000070a400000|  0%| F|  |TAMS 0x000000070a200000, 0x000000070a200000| Untracked 
|  78|0x000000070a400000, 0x000000070a400000, 0x000000070a600000|  0%| F|  |TAMS 0x000000070a400000, 0x000000070a400000| Untracked 
|  79|0x000000070a600000, 0x000000070a600000, 0x000000070a800000|  0%| F|  |TAMS 0x000000070a600000, 0x000000070a600000| Untracked 
|  80|0x000000070a800000, 0x000000070a800000, 0x000000070aa00000|  0%| F|  |TAMS 0x000000070a800000, 0x000000070a800000| Untracked 
|  81|0x000000070aa00000, 0x000000070aa00000, 0x000000070ac00000|  0%| F|  |TAMS 0x000000070aa00000, 0x000000070aa00000| Untracked 
|  82|0x000000070ac00000, 0x000000070ac00000, 0x000000070ae00000|  0%| F|  |TAMS 0x000000070ac00000, 0x000000070ac00000| Untracked 
|  83|0x000000070ae00000, 0x000000070ae00000, 0x000000070b000000|  0%| F|  |TAMS 0x000000070ae00000, 0x000000070ae00000| Untracked 
|  84|0x000000070b000000, 0x000000070b000000, 0x000000070b200000|  0%| F|  |TAMS 0x000000070b000000, 0x000000070b000000| Untracked 
|  85|0x000000070b200000, 0x000000070b200000, 0x000000070b400000|  0%| F|  |TAMS 0x000000070b200000, 0x000000070b200000| Untracked 
|  86|0x000000070b400000, 0x000000070b400000, 0x000000070b600000|  0%| F|  |TAMS 0x000000070b400000, 0x000000070b400000| Untracked 
|  87|0x000000070b600000, 0x000000070b600000, 0x000000070b800000|  0%| F|  |TAMS 0x000000070b600000, 0x000000070b600000| Untracked 
|  88|0x000000070b800000, 0x000000070b800000, 0x000000070ba00000|  0%| F|  |TAMS 0x000000070b800000, 0x000000070b800000| Untracked 
|  89|0x000000070ba00000, 0x000000070ba00000, 0x000000070bc00000|  0%| F|  |TAMS 0x000000070ba00000, 0x000000070ba00000| Untracked 
|  90|0x000000070bc00000, 0x000000070bc00000, 0x000000070be00000|  0%| F|  |TAMS 0x000000070bc00000, 0x000000070bc00000| Untracked 
|  91|0x000000070be00000, 0x000000070be00000, 0x000000070c000000|  0%| F|  |TAMS 0x000000070be00000, 0x000000070be00000| Untracked 
|  92|0x000000070c000000, 0x000000070c000000, 0x000000070c200000|  0%| F|  |TAMS 0x000000070c000000, 0x000000070c000000| Untracked 
|  93|0x000000070c200000, 0x000000070c200000, 0x000000070c400000|  0%| F|  |TAMS 0x000000070c200000, 0x000000070c200000| Untracked 
|  94|0x000000070c400000, 0x000000070c400000, 0x000000070c600000|  0%| F|  |TAMS 0x000000070c400000, 0x000000070c400000| Untracked 
|  95|0x000000070c600000, 0x000000070c600000, 0x000000070c800000|  0%| F|  |TAMS 0x000000070c600000, 0x000000070c600000| Untracked 
|  96|0x000000070c800000, 0x000000070c800000, 0x000000070ca00000|  0%| F|  |TAMS 0x000000070c800000, 0x000000070c800000| Untracked 
|  97|0x000000070ca00000, 0x000000070ca00000, 0x000000070cc00000|  0%| F|  |TAMS 0x000000070ca00000, 0x000000070ca00000| Untracked 
|  98|0x000000070cc00000, 0x000000070cc00000, 0x000000070ce00000|  0%| F|  |TAMS 0x000000070cc00000, 0x000000070cc00000| Untracked 
|  99|0x000000070ce00000, 0x000000070ce00000, 0x000000070d000000|  0%| F|  |TAMS 0x000000070ce00000, 0x000000070ce00000| Untracked 
| 100|0x000000070d000000, 0x000000070d000000, 0x000000070d200000|  0%| F|  |TAMS 0x000000070d000000, 0x000000070d000000| Untracked 
| 101|0x000000070d200000, 0x000000070d200000, 0x000000070d400000|  0%| F|  |TAMS 0x000000070d200000, 0x000000070d200000| Untracked 
| 102|0x000000070d400000, 0x000000070d400000, 0x000000070d600000|  0%| F|  |TAMS 0x000000070d400000, 0x000000070d400000| Untracked 
| 103|0x000000070d600000, 0x000000070d600000, 0x000000070d800000|  0%| F|  |TAMS 0x000000070d600000, 0x000000070d600000| Untracked 
| 104|0x000000070d800000, 0x000000070d800000, 0x000000070da00000|  0%| F|  |TAMS 0x000000070d800000, 0x000000070d800000| Untracked 
| 105|0x000000070da00000, 0x000000070da00000, 0x000000070dc00000|  0%| F|  |TAMS 0x000000070da00000, 0x000000070da00000| Untracked 
| 106|0x000000070dc00000, 0x000000070dc00000, 0x000000070de00000|  0%| F|  |TAMS 0x000000070dc00000, 0x000000070dc00000| Untracked 
| 107|0x000000070de00000, 0x000000070de00000, 0x000000070e000000|  0%| F|  |TAMS 0x000000070de00000, 0x000000070de00000| Untracked 
| 108|0x000000070e000000, 0x000000070e000000, 0x000000070e200000|  0%| F|  |TAMS 0x000000070e000000, 0x000000070e000000| Untracked 
| 109|0x000000070e200000, 0x000000070e200000, 0x000000070e400000|  0%| F|  |TAMS 0x000000070e200000, 0x000000070e200000| Untracked 
| 110|0x000000070e400000, 0x000000070e400000, 0x000000070e600000|  0%| F|  |TAMS 0x000000070e400000, 0x000000070e400000| Untracked 
| 111|0x000000070e600000, 0x000000070e600000, 0x000000070e800000|  0%| F|  |TAMS 0x000000070e600000, 0x000000070e600000| Untracked 
| 112|0x000000070e800000, 0x000000070e800000, 0x000000070ea00000|  0%| F|  |TAMS 0x000000070e800000, 0x000000070e800000| Untracked 
| 113|0x000000070ea00000, 0x000000070ea00000, 0x000000070ec00000|  0%| F|  |TAMS 0x000000070ea00000, 0x000000070ea00000| Untracked 
| 114|0x000000070ec00000, 0x000000070ec00000, 0x000000070ee00000|  0%| F|  |TAMS 0x000000070ec00000, 0x000000070ec00000| Untracked 
| 115|0x000000070ee00000, 0x000000070ee00000, 0x000000070f000000|  0%| F|  |TAMS 0x000000070ee00000, 0x000000070ee00000| Untracked 
| 116|0x000000070f000000, 0x000000070f000000, 0x000000070f200000|  0%| F|  |TAMS 0x000000070f000000, 0x000000070f000000| Untracked 
| 117|0x000000070f200000, 0x000000070f400000, 0x000000070f400000|100%| S|CS|TAMS 0x000000070f200000, 0x000000070f200000| Complete 
| 118|0x000000070f400000, 0x000000070f600000, 0x000000070f600000|100%| S|CS|TAMS 0x000000070f400000, 0x000000070f400000| Complete 
| 119|0x000000070f600000, 0x000000070f600000, 0x000000070f800000|  0%| F|  |TAMS 0x000000070f600000, 0x000000070f600000| Untracked 
| 120|0x000000070f800000, 0x000000070f800000, 0x000000070fa00000|  0%| F|  |TAMS 0x000000070f800000, 0x000000070f800000| Untracked 
| 121|0x000000070fa00000, 0x000000070fa00000, 0x000000070fc00000|  0%| F|  |TAMS 0x000000070fa00000, 0x000000070fa00000| Untracked 
| 122|0x000000070fc00000, 0x000000070fc00000, 0x000000070fe00000|  0%| F|  |TAMS 0x000000070fc00000, 0x000000070fc00000| Untracked 
| 123|0x000000070fe00000, 0x000000070fe00000, 0x0000000710000000|  0%| F|  |TAMS 0x000000070fe00000, 0x000000070fe00000| Untracked 
| 124|0x0000000710000000, 0x0000000710000000, 0x0000000710200000|  0%| F|  |TAMS 0x0000000710000000, 0x0000000710000000| Untracked 
| 125|0x0000000710200000, 0x00000007103837f8, 0x0000000710400000| 75%| E|  |TAMS 0x0000000710200000, 0x0000000710200000| Complete 
| 126|0x0000000710400000, 0x0000000710600000, 0x0000000710600000|100%| E|  |TAMS 0x0000000710400000, 0x0000000710400000| Complete 
| 127|0x0000000710600000, 0x0000000710800000, 0x0000000710800000|100%| E|CS|TAMS 0x0000000710600000, 0x0000000710600000| Complete 

Card table byte_map: [0x000001a17f600000,0x000001a17fe00000] _byte_map_base: 0x000001a17bdfc000

Marking Bits (Prev, Next): (CMBitMap*) 0x000001a17754b640, (CMBitMap*) 0x000001a17754b680
 Prev Bits: [0x000001a10f800000, 0x000001a1137e0000)
 Next Bits: [0x000001a1137e0000, 0x000001a1177c0000)

Polling page: 0x000001a175410000

Metaspace:

Usage:
  Non-class:      8.57 MB used.
      Class:    646.63 KB used.
       Both:      9.20 MB used.

Virtual space:
  Non-class space:       64.00 MB reserved,       8.69 MB ( 14%) committed,  1 nodes.
      Class space:        1.00 GB reserved,     768.00 KB ( <1%) committed,  1 nodes.
             Both:        1.06 GB reserved,       9.44 MB ( <1%) committed. 

Chunk freelists:
   Non-Class:  2.45 MB
       Class:  3.06 MB
        Both:  5.52 MB

MaxMetaspaceSize: unlimited
CompressedClassSpaceSize: 1.00 GB
Initial GC threshold: 21.00 MB
Current GC threshold: 21.00 MB
CDS: on
MetaspaceReclaimPolicy: balanced
 - commit_granule_bytes: 65536.
 - commit_granule_words: 8192.
 - virtual_space_node_default_size: 8388608.
 - enlarge_chunks_in_place: 1.
 - new_chunks_are_fully_committed: 0.
 - uncommit_free_chunks: 1.
 - use_allocation_guard: 0.


Internal statistics:

num_allocs_failed_limit: 0.
num_arena_births: 252.
num_arena_deaths: 0.
num_vsnodes_births: 2.
num_vsnodes_deaths: 0.
num_space_committed: 149.
num_space_uncommitted: 0.
num_chunks_returned_to_freelist: 0.
num_chunks_taken_from_freelist: 520.
num_chunk_merges: 0.
num_chunk_splits: 356.
num_chunks_enlarged: 244.
num_inconsistent_stats: 0.

CodeHeap 'non-profiled nmethods': size=120000Kb used=516Kb max_used=516Kb free=119483Kb
 bounds [0x000001a107ad0000, 0x000001a107d40000, 0x000001a10f000000]
CodeHeap 'profiled nmethods': size=120000Kb used=2525Kb max_used=2525Kb free=117474Kb
 bounds [0x000001a1005a0000, 0x000001a100820000, 0x000001a107ad0000]
CodeHeap 'non-nmethods': size=5760Kb used=1773Kb max_used=1852Kb free=3986Kb
 bounds [0x000001a100000000, 0x000001a100270000, 0x000001a1005a0000]
 total_blobs=2589 nmethods=1345 adapters=1157
 compilation: enabled
              stopped_count=0, restarted_count=0
 full_count=0

Compilation events (20 events):
Event: 1.233 Thread 0x000001a119b56650 1336       3       java.util.zip.ZipFile::getZipEntry (322 bytes)
Event: 1.235 Thread 0x000001a119b56650 nmethod 1336 0x000001a10080c510 code [0x000001a10080c980, 0x000001a10080f0b8]
Event: 1.235 Thread 0x000001a119b56650 1334       3       java.lang.reflect.ReflectAccess::copyField (5 bytes)
Event: 1.235 Thread 0x000001a119b56650 nmethod 1334 0x000001a10080ff10 code [0x000001a1008100c0, 0x000001a100810208]
Event: 1.235 Thread 0x000001a119b56650 1337       3       jdk.internal.loader.URLClassPath$JarLoader$2::getCodeSourceURL (8 bytes)
Event: 1.235 Thread 0x000001a119b56650 nmethod 1337 0x000001a100810310 code [0x000001a1008104a0, 0x000001a1008105b8]
Event: 1.237 Thread 0x000001a12d14c2b0 1338       4       java.lang.Class::reflectionData (43 bytes)
Event: 1.239 Thread 0x000001a12d14c2b0 nmethod 1338 0x000001a107b3f490 code [0x000001a107b3f620, 0x000001a107b3f7c8]
Event: 1.244 Thread 0x000001a119b56650 1339       1       java.lang.reflect.Field::getDeclaringClass (5 bytes)
Event: 1.244 Thread 0x000001a119b56650 nmethod 1339 0x000001a107b3f910 code [0x000001a107b3faa0, 0x000001a107b3fb78]
Event: 1.244 Thread 0x000001a119b56650 1340       3       jdk.internal.loader.Resource::<init> (5 bytes)
Event: 1.245 Thread 0x000001a119b56650 nmethod 1340 0x000001a100810690 code [0x000001a100810820, 0x000001a100810978]
Event: 1.245 Thread 0x000001a119b56650 1341   !   3       jdk.internal.loader.Resource::getBytes (244 bytes)
Event: 1.246 Thread 0x000001a119b56650 nmethod 1341 0x000001a100810a10 code [0x000001a100810d00, 0x000001a100812188]
Event: 1.247 Thread 0x000001a119b56650 1342   !   3       jdk.internal.loader.URLClassPath$FileLoader::getResource (150 bytes)
Event: 1.248 Thread 0x000001a119b56650 nmethod 1342 0x000001a100812a90 code [0x000001a100812dc0, 0x000001a100813f68]
Event: 1.248 Thread 0x000001a119b56650 1343       3       java.io.File::<init> (111 bytes)
Event: 1.248 Thread 0x000001a119b56650 nmethod 1343 0x000001a100814810 code [0x000001a100814ac0, 0x000001a100815528]
Event: 1.249 Thread 0x000001a12d14c2b0 1344       4       java.lang.AbstractStringBuilder::append (45 bytes)
Event: 1.249 Thread 0x000001a119b56650 1345       3       java.lang.String::newStringUTF8NoRepl (276 bytes)

GC Heap History (8 events):
Event: 0.721 GC heap before
{Heap before GC invocations=0 (full 0):
 garbage-first heap   total 262144K, used 10240K [0x0000000700800000, 0x0000000800000000)
  region size 2048K, 6 young (12288K), 0 survivors (0K)
 Metaspace       used 5025K, committed 5312K, reserved 1114112K
  class space    used 324K, committed 448K, reserved 1048576K
}
Event: 0.724 GC heap after
{Heap after GC invocations=1 (full 0):
 garbage-first heap   total 262144K, used 2779K [0x0000000700800000, 0x0000000800000000)
  region size 2048K, 1 young (2048K), 1 survivors (2048K)
 Metaspace       used 5025K, committed 5312K, reserved 1114112K
  class space    used 324K, committed 448K, reserved 1048576K
}
Event: 1.020 GC heap before
{Heap before GC invocations=1 (full 0):
 garbage-first heap   total 262144K, used 13019K [0x0000000700800000, 0x0000000800000000)
  region size 2048K, 7 young (14336K), 1 survivors (2048K)
 Metaspace       used 7921K, committed 8256K, reserved 1114112K
  class space    used 593K, committed 768K, reserved 1048576K
}
Event: 1.026 GC heap after
{Heap after GC invocations=2 (full 0):
 garbage-first heap   total 262144K, used 6724K [0x0000000700800000, 0x0000000800000000)
  region size 2048K, 1 young (2048K), 1 survivors (2048K)
 Metaspace       used 7921K, committed 8256K, reserved 1114112K
  class space    used 593K, committed 768K, reserved 1048576K
}
Event: 1.084 GC heap before
{Heap before GC invocations=2 (full 0):
 garbage-first heap   total 262144K, used 41540K [0x0000000700800000, 0x0000000800000000)
  region size 2048K, 11 young (22528K), 1 survivors (2048K)
 Metaspace       used 7963K, committed 8256K, reserved 1114112K
  class space    used 598K, committed 768K, reserved 1048576K
}
Event: 1.098 GC heap after
{Heap after GC invocations=3 (full 0):
 garbage-first heap   total 262144K, used 28958K [0x0000000700800000, 0x0000000800000000)
  region size 2048K, 2 young (4096K), 2 survivors (4096K)
 Metaspace       used 7963K, committed 8256K, reserved 1114112K
  class space    used 598K, committed 768K, reserved 1048576K
}
Event: 1.127 GC heap before
{Heap before GC invocations=3 (full 0):
 garbage-first heap   total 262144K, used 53534K [0x0000000700800000, 0x0000000800000000)
  region size 2048K, 11 young (22528K), 2 survivors (4096K)
 Metaspace       used 7967K, committed 8320K, reserved 1114112K
  class space    used 598K, committed 768K, reserved 1048576K
}
Event: 1.146 GC heap after
{Heap after GC invocations=4 (full 0):
 garbage-first heap   total 262144K, used 45999K [0x0000000700800000, 0x0000000800000000)
  region size 2048K, 2 young (4096K), 2 survivors (4096K)
 Metaspace       used 7967K, committed 8320K, reserved 1114112K
  class space    used 598K, committed 768K, reserved 1048576K
}

Deoptimization events (20 events):
Event: 0.777 Thread 0x000001a12bb74ad0 DEOPT PACKING pc=0x000001a107b0d330 sp=0x0000002c59bfc5b0
Event: 0.777 Thread 0x000001a12bb74ad0 DEOPT UNPACKING pc=0x000001a1000523a3 sp=0x0000002c59bfc4b8 mode 2
Event: 0.777 Thread 0x000001a12bb74ad0 Uncommon trap: trap_request=0xffffff45 fr.pc=0x000001a107b0b868 relative=0x00000000000000e8
Event: 0.777 Thread 0x000001a12bb74ad0 Uncommon trap: reason=unstable_if action=reinterpret pc=0x000001a107b0b868 method=java.lang.String.getBytes([BIB)V @ 5 c2
Event: 0.777 Thread 0x000001a12bb74ad0 DEOPT PACKING pc=0x000001a107b0b868 sp=0x0000002c59bfc4d0
Event: 0.777 Thread 0x000001a12bb74ad0 DEOPT UNPACKING pc=0x000001a1000523a3 sp=0x0000002c59bfc498 mode 2
Event: 0.790 Thread 0x000001a12bb74ad0 Uncommon trap: trap_request=0xffffff45 fr.pc=0x000001a107b10f28 relative=0x0000000000000208
Event: 0.790 Thread 0x000001a12bb74ad0 Uncommon trap: reason=unstable_if action=reinterpret pc=0x000001a107b10f28 method=java.lang.String.startsWith(Ljava/lang/String;I)Z @ 1 c2
Event: 0.790 Thread 0x000001a12bb74ad0 DEOPT PACKING pc=0x000001a107b10f28 sp=0x0000002c59bfd5a0
Event: 0.790 Thread 0x000001a12bb74ad0 DEOPT UNPACKING pc=0x000001a1000523a3 sp=0x0000002c59bfd508 mode 2
Event: 1.057 Thread 0x000001a11dfd9810 Uncommon trap: trap_request=0xffffff45 fr.pc=0x000001a107b2e72c relative=0x00000000000000ec
Event: 1.057 Thread 0x000001a11dfd9810 Uncommon trap: reason=unstable_if action=reinterpret pc=0x000001a107b2e72c method=java.lang.Math.min(FF)F @ 37 c2
Event: 1.057 Thread 0x000001a11dfd9810 DEOPT PACKING pc=0x000001a107b2e72c sp=0x0000002c592feff0
Event: 1.057 Thread 0x000001a11dfd9810 DEOPT UNPACKING pc=0x000001a1000523a3 sp=0x0000002c592fef80 mode 2
Event: 1.072 Thread 0x000001a11dfd9810 DEOPT PACKING pc=0x000001a1007f32fd sp=0x0000002c592ff090
Event: 1.072 Thread 0x000001a11dfd9810 DEOPT UNPACKING pc=0x000001a100052b43 sp=0x0000002c592fe590 mode 0
Event: 1.073 Thread 0x000001a11dfd9810 Uncommon trap: trap_request=0x0000005e fr.pc=0x000001a107b2e100 relative=0x00000000000002e0
Event: 1.073 Thread 0x000001a11dfd9810 Uncommon trap: reason=unloaded action=reinterpret pc=0x000001a107b2e100 method=konradn24.tml.worlds.generator.Chunk.generateMesh(III)V @ 313 c2
Event: 1.073 Thread 0x000001a11dfd9810 DEOPT PACKING pc=0x000001a107b2e100 sp=0x0000002c592ff130
Event: 1.073 Thread 0x000001a11dfd9810 DEOPT UNPACKING pc=0x000001a1000523a3 sp=0x0000002c592ff0a8 mode 2

Classes loaded (20 events):
Event: 0.862 Loading class java/lang/SecurityException
Event: 0.862 Loading class java/lang/SecurityException done
Event: 0.884 Loading class java/util/Scanner
Event: 0.885 Loading class java/util/Scanner done
Event: 0.886 Loading class java/util/Scanner$PatternLRUCache
Event: 0.886 Loading class java/util/Scanner$PatternLRUCache done
Event: 0.886 Loading class java/nio/channels/spi/AbstractInterruptibleChannel$1
Event: 0.886 Loading class sun/nio/ch/Interruptible
Event: 0.886 Loading class sun/nio/ch/Interruptible done
Event: 0.886 Loading class java/nio/channels/spi/AbstractInterruptibleChannel$1 done
Event: 0.887 Loading class java/util/regex/Matcher$ImmutableMatchResult
Event: 0.887 Loading class java/util/regex/Matcher$ImmutableMatchResult done
Event: 0.976 Loading class java/awt/Point
Event: 0.976 Loading class java/awt/geom/Point2D
Event: 0.976 Loading class java/awt/geom/Point2D done
Event: 0.976 Loading class java/awt/Point done
Event: 0.991 Loading class java/lang/invoke/MethodHandle$1
Event: 0.991 Loading class java/lang/invoke/MethodHandle$1 done
Event: 1.160 Loading class java/util/ArrayList$ListItr
Event: 1.160 Loading class java/util/ArrayList$ListItr done

Classes unloaded (0 events):
No events

Classes redefined (0 events):
No events

Internal exceptions (20 events):
Event: 0.484 Thread 0x000001a11dfd9810 Exception <a 'java/lang/NoSuchMethodError'{0x000000070fe2c4d8}: 'void java.lang.System.loadLibrary(java.lang.String, java.lang.Class)'> (0x000000070fe2c4d8) 
thrown [t:\workspace\open\src\hotspot\share\interpreter\linkResolver.cpp, line 766]
Event: 0.494 Thread 0x000001a11dfd9810 Exception <a 'sun/nio/fs/WindowsException'{0x000000070fe3d7a0}> (0x000000070fe3d7a0) 
thrown [t:\workspace\open\src\hotspot\share\prims\jni.cpp, line 516]
Event: 0.494 Thread 0x000001a11dfd9810 Exception <a 'sun/nio/fs/WindowsException'{0x000000070fe3db40}> (0x000000070fe3db40) 
thrown [t:\workspace\open\src\hotspot\share\prims\jni.cpp, line 516]
Event: 0.499 Thread 0x000001a11dfd9810 Exception <a 'sun/nio/fs/WindowsException'{0x000000070fe4ccf0}> (0x000000070fe4ccf0) 
thrown [t:\workspace\open\src\hotspot\share\prims\jni.cpp, line 516]
Event: 0.499 Thread 0x000001a11dfd9810 Exception <a 'sun/nio/fs/WindowsException'{0x000000070fe4cfc0}> (0x000000070fe4cfc0) 
thrown [t:\workspace\open\src\hotspot\share\prims\jni.cpp, line 516]
Event: 0.576 Thread 0x000001a11dfd9810 Exception <a 'java/lang/NoSuchMethodError'{0x000000070fff0f18}: 'void java.lang.System.load(java.lang.String, java.lang.Class)'> (0x000000070fff0f18) 
thrown [t:\workspace\open\src\hotspot\share\interpreter\linkResolver.cpp, line 766]
Event: 0.576 Thread 0x000001a11dfd9810 Exception <a 'java/lang/NoSuchMethodError'{0x000000070fff3ea8}: 'void java.lang.System.loadLibrary(java.lang.String, java.lang.Class)'> (0x000000070fff3ea8) 
thrown [t:\workspace\open\src\hotspot\share\interpreter\linkResolver.cpp, line 766]
Event: 0.582 Thread 0x000001a11dfd9810 Exception <a 'sun/nio/fs/WindowsException'{0x000000070fc04af0}> (0x000000070fc04af0) 
thrown [t:\workspace\open\src\hotspot\share\prims\jni.cpp, line 516]
Event: 0.582 Thread 0x000001a11dfd9810 Exception <a 'sun/nio/fs/WindowsException'{0x000000070fc04e90}> (0x000000070fc04e90) 
thrown [t:\workspace\open\src\hotspot\share\prims\jni.cpp, line 516]
Event: 0.639 Thread 0x000001a11dfd9810 Exception <a 'java/lang/NoSuchMethodError'{0x000000070fc72be0}: 'void java.lang.System.load(java.lang.String, java.lang.Class)'> (0x000000070fc72be0) 
thrown [t:\workspace\open\src\hotspot\share\interpreter\linkResolver.cpp, line 766]
Event: 0.640 Thread 0x000001a11dfd9810 Exception <a 'java/lang/NoSuchMethodError'{0x000000070fc75a78}: 'void java.lang.System.loadLibrary(java.lang.String, java.lang.Class)'> (0x000000070fc75a78) 
thrown [t:\workspace\open\src\hotspot\share\interpreter\linkResolver.cpp, line 766]
Event: 0.646 Thread 0x000001a11dfd9810 Exception <a 'sun/nio/fs/WindowsException'{0x000000070fc86ff0}> (0x000000070fc86ff0) 
thrown [t:\workspace\open\src\hotspot\share\prims\jni.cpp, line 516]
Event: 0.646 Thread 0x000001a11dfd9810 Exception <a 'sun/nio/fs/WindowsException'{0x000000070fc87370}> (0x000000070fc87370) 
thrown [t:\workspace\open\src\hotspot\share\prims\jni.cpp, line 516]
Event: 0.744 Thread 0x000001a12bb74ad0 Exception <a 'java/lang/NoSuchMethodError'{0x00000007106c3720}: 'void java.lang.invoke.DelegatingMethodHandle$Holder.reinvoke_L(java.lang.Object, java.lang.Object, int)'> (0x00000007106c3720) 
thrown [t:\workspace\open\src\hotspot\share\interpreter\linkResolver.cpp, line 766]
Event: 0.744 Thread 0x000001a12bb74ad0 Exception <a 'java/lang/NoSuchMethodError'{0x00000007106ca598}: 'void java.lang.invoke.Invokers$Holder.invokeExact_MT(java.lang.Object, java.lang.Object, int, java.lang.Object)'> (0x00000007106ca598) 
thrown [t:\workspace\open\src\hotspot\share\interpreter\linkResolver.cpp, line 766]
Event: 0.768 Thread 0x000001a12bb74ad0 Exception <a 'java/lang/ClassNotFoundException'{0x000000071074d7e0}: sun/awt/resources/spi/awtProvider> (0x000000071074d7e0) 
thrown [t:\workspace\open\src\hotspot\share\classfile\systemDictionary.cpp, line 255]
Event: 0.777 Thread 0x000001a12bb74ad0 Exception <a 'java/io/FileNotFoundException'{0x0000000710764db8}> (0x0000000710764db8) 
thrown [t:\workspace\open\src\hotspot\share\prims\jni.cpp, line 516]
Event: 0.780 Thread 0x000001a12bb74ad0 Exception <a 'java/io/FileNotFoundException'{0x000000071078e210}> (0x000000071078e210) 
thrown [t:\workspace\open\src\hotspot\share\prims\jni.cpp, line 516]
Event: 0.799 Thread 0x000001a12bb74ad0 Exception <a 'java/lang/NoSuchMethodError'{0x00000007107fc2d0}: 'java.lang.Object java.lang.invoke.DirectMethodHandle$Holder.invokeStaticInit(java.lang.Object, int, int, int, int)'> (0x00000007107fc2d0) 
thrown [t:\workspace\open\src\hotspot\share\interpreter\linkResolver.cpp, line 766]
Event: 0.834 Thread 0x000001a12bb74ad0 Exception <a 'java/lang/NoSuchMethodError'{0x0000000710463cf0}: 'java.lang.Object java.lang.invoke.DirectMethodHandle$Holder.invokeStaticInit(java.lang.Object, java.lang.Object, int, int, int, int)'> (0x0000000710463cf0) 
thrown [t:\workspace\open\src\hotspot\share\interpreter\linkResolver.cpp, line 766]

VM Operations (16 events):
Event: 0.141 Executing VM operation: HandshakeAllThreads
Event: 0.141 Executing VM operation: HandshakeAllThreads done
Event: 0.191 Executing VM operation: HandshakeAllThreads
Event: 0.191 Executing VM operation: HandshakeAllThreads done
Event: 0.721 Executing VM operation: G1CollectForAllocation
Event: 0.724 Executing VM operation: G1CollectForAllocation done
Event: 0.809 Executing VM operation: HandshakeAllThreads
Event: 0.809 Executing VM operation: HandshakeAllThreads done
Event: 1.020 Executing VM operation: G1CollectForAllocation
Event: 1.026 Executing VM operation: G1CollectForAllocation done
Event: 1.084 Executing VM operation: G1CollectForAllocation
Event: 1.098 Executing VM operation: G1CollectForAllocation done
Event: 1.127 Executing VM operation: G1CollectForAllocation
Event: 1.146 Executing VM operation: G1CollectForAllocation done
Event: 1.160 Executing VM operation: HandshakeAllThreads
Event: 1.160 Executing VM operation: HandshakeAllThreads done

Events (20 events):
Event: 0.039 Thread 0x000001a119b6bce0 Thread added: 0x000001a119b6bce0
Event: 0.061 Thread 0x000001a11ddb2880 Thread added: 0x000001a11ddb2880
Event: 0.064 Thread 0x000001a11ddbd3d0 Thread added: 0x000001a11ddbd3d0
Event: 0.089 Loaded shared library C:\Program Files\Java\jdk-18\bin\zip.dll
Event: 0.094 Loaded shared library C:\Program Files\Java\jdk-18\bin\jimage.dll
Event: 0.183 Thread 0x000001a11dfd9810 Thread added: 0x000001a11dfd9810
Event: 0.184 Thread 0x000001a1774db570 Thread exited: 0x000001a1774db570
Event: 0.184 Thread 0x000001a1774db570 Thread added: 0x000001a1774db570
Event: 0.188 Loaded shared library C:\Program Files\Java\jdk-18\bin\net.dll
Event: 0.190 Loaded shared library C:\Program Files\Java\jdk-18\bin\nio.dll
Event: 0.202 Loaded shared library C:\Program Files\Java\jdk-18\bin\verify.dll
Event: 0.274 Loaded shared library C:\Users\konra\AppData\Local\Temp\lwjgl_konra\3.3.6+1\x64\lwjgl.dll
Event: 0.495 Loaded shared library C:\Users\konra\AppData\Local\Temp\lwjgl_konra\3.3.6+1\x64\lwjgl_opengl.dll
Event: 0.584 Loaded shared library C:\Users\konra\AppData\Local\Temp\lwjgl_konra\3.3.6+1\x64\lwjgl_nanovg.dll
Event: 0.647 Loaded shared library C:\Users\konra\AppData\Local\Temp\lwjgl_konra\3.3.6+1\x64\lwjgl_stb.dll
Event: 0.678 Thread 0x000001a12bb74ad0 Thread added: 0x000001a12bb74ad0
Event: 0.776 Loaded shared library C:\Program Files\Java\jdk-18\bin\awt.dll
Event: 0.888 Thread 0x000001a12bb74ad0 Thread exited: 0x000001a12bb74ad0
Event: 0.976 Thread 0x000001a12d14bdf0 Thread added: 0x000001a12d14bdf0
Event: 1.001 Thread 0x000001a12d14c2b0 Thread added: 0x000001a12d14c2b0


Dynamic libraries:
0x00007ff7287c0000 - 0x00007ff7287d0000 	C:\Program Files\Java\jdk-18\bin\javaw.exe
0x00007ff86f990000 - 0x00007ff86fb88000 	C:\Windows\SYSTEM32\ntdll.dll
0x00007ff86e6e0000 - 0x00007ff86e7a2000 	C:\Windows\System32\KERNEL32.DLL
0x00007ff86d4a0000 - 0x00007ff86d796000 	C:\Windows\System32\KERNELBASE.dll
0x00007ff86d0c0000 - 0x00007ff86d1c0000 	C:\Windows\System32\ucrtbase.dll
0x00007ff85ec20000 - 0x00007ff85ec3a000 	C:\Program Files\Java\jdk-18\bin\VCRUNTIME140.dll
0x00007ff8483b0000 - 0x00007ff8483c8000 	C:\Program Files\Java\jdk-18\bin\jli.dll
0x00007ff86e7b0000 - 0x00007ff86e861000 	C:\Windows\System32\ADVAPI32.dll
0x00007ff86dec0000 - 0x00007ff86df5e000 	C:\Windows\System32\msvcrt.dll
0x00007ff86f0d0000 - 0x00007ff86f16f000 	C:\Windows\System32\sechost.dll
0x00007ff86e870000 - 0x00007ff86e993000 	C:\Windows\System32\RPCRT4.dll
0x00007ff86d2a0000 - 0x00007ff86d2c7000 	C:\Windows\System32\bcrypt.dll
0x00007ff86f7b0000 - 0x00007ff86f94d000 	C:\Windows\System32\USER32.dll
0x00007ff86d900000 - 0x00007ff86d922000 	C:\Windows\System32\win32u.dll
0x00007ff86f770000 - 0x00007ff86f79b000 	C:\Windows\System32\GDI32.dll
0x00007ff86d380000 - 0x00007ff86d499000 	C:\Windows\System32\gdi32full.dll
0x00007ff86d020000 - 0x00007ff86d0bd000 	C:\Windows\System32\msvcp_win.dll
0x00007ff857840000 - 0x00007ff857ada000 	C:\Windows\WinSxS\amd64_microsoft.windows.common-controls_6595b64144ccf1df_6.0.19041.5915_none_60b4b9d171f9c7c7\COMCTL32.dll
0x00007ff868430000 - 0x00007ff86843a000 	C:\Windows\SYSTEM32\VERSION.dll
0x00007ff86ec60000 - 0x00007ff86ec8f000 	C:\Windows\System32\IMM32.DLL
0x00007ff85ed30000 - 0x00007ff85ed3c000 	C:\Program Files\Java\jdk-18\bin\vcruntime140_1.dll
0x00007ff838100000 - 0x00007ff83818d000 	C:\Program Files\Java\jdk-18\bin\msvcp140.dll
0x00007ff827860000 - 0x00007ff828471000 	C:\Program Files\Java\jdk-18\bin\server\jvm.dll
0x00007ff86e6d0000 - 0x00007ff86e6d8000 	C:\Windows\System32\PSAPI.DLL
0x00007ff85ee90000 - 0x00007ff85ee99000 	C:\Windows\SYSTEM32\WSOCK32.dll
0x00007ff85f260000 - 0x00007ff85f287000 	C:\Windows\SYSTEM32\WINMM.dll
0x00007ff86ee60000 - 0x00007ff86eecb000 	C:\Windows\System32\WS2_32.dll
0x00007ff86aec0000 - 0x00007ff86aed2000 	C:\Windows\SYSTEM32\kernel.appcore.dll
0x00007ff85dbc0000 - 0x00007ff85dbca000 	C:\Program Files\Java\jdk-18\bin\jimage.dll
0x00007ff865a40000 - 0x00007ff865c41000 	C:\Windows\SYSTEM32\DBGHELP.DLL
0x00007ff849ea0000 - 0x00007ff849ed4000 	C:\Windows\SYSTEM32\dbgcore.DLL
0x00007ff86d210000 - 0x00007ff86d292000 	C:\Windows\System32\bcryptPrimitives.dll
0x00007ff843250000 - 0x00007ff843275000 	C:\Program Files\Java\jdk-18\bin\java.dll
0x00007ff82bc90000 - 0x00007ff82bd66000 	C:\Program Files\Java\jdk-18\bin\jsvml.dll
0x00007ff86df60000 - 0x00007ff86e6ce000 	C:\Windows\System32\SHELL32.dll
0x00007ff86b0c0000 - 0x00007ff86b864000 	C:\Windows\SYSTEM32\windows.storage.dll
0x00007ff86db60000 - 0x00007ff86deb3000 	C:\Windows\System32\combase.dll
0x00007ff86ca50000 - 0x00007ff86ca7b000 	C:\Windows\SYSTEM32\Wldp.dll
0x00007ff86eb90000 - 0x00007ff86ec5d000 	C:\Windows\System32\OLEAUT32.dll
0x00007ff86efc0000 - 0x00007ff86f06d000 	C:\Windows\System32\SHCORE.dll
0x00007ff86f070000 - 0x00007ff86f0cb000 	C:\Windows\System32\shlwapi.dll
0x00007ff86cf50000 - 0x00007ff86cf74000 	C:\Windows\SYSTEM32\profapi.dll
0x00007ff845f50000 - 0x00007ff845f68000 	C:\Program Files\Java\jdk-18\bin\zip.dll
0x00007ff845170000 - 0x00007ff845183000 	C:\Program Files\Java\jdk-18\bin\net.dll
0x00007ff869e60000 - 0x00007ff869f6a000 	C:\Windows\SYSTEM32\WINHTTP.dll
0x00007ff86c7b0000 - 0x00007ff86c81a000 	C:\Windows\system32\mswsock.dll
0x00007ff844400000 - 0x00007ff844416000 	C:\Program Files\Java\jdk-18\bin\nio.dll
0x00007ff85cc00000 - 0x00007ff85cc10000 	C:\Program Files\Java\jdk-18\bin\verify.dll
0x00007ff83a110000 - 0x00007ff83a18e000 	C:\Users\konra\AppData\Local\Temp\lwjgl_konra\3.3.6+1\x64\lwjgl.dll
0x00007ff832210000 - 0x00007ff832299000 	C:\Users\konra\AppData\Local\Temp\lwjgl_konra\3.3.6+1\x64\glfw.dll
0x00007ff80c1c0000 - 0x00007ff80c205000 	C:\Windows\SYSTEM32\dinput8.dll
0x00007ff843ec0000 - 0x00007ff843ed1000 	C:\Windows\SYSTEM32\xinput1_4.dll
0x00007ff86d1c0000 - 0x00007ff86d20e000 	C:\Windows\System32\cfgmgr32.dll
0x00007ff86cdb0000 - 0x00007ff86cde3000 	C:\Windows\SYSTEM32\DEVOBJ.dll
0x00007ff86ace0000 - 0x00007ff86ad0f000 	C:\Windows\SYSTEM32\dwmapi.dll
0x00007ff85f4a0000 - 0x00007ff85f5f2000 	C:\Windows\SYSTEM32\inputhost.dll
0x00007ff867e50000 - 0x00007ff867fa7000 	C:\Windows\SYSTEM32\wintypes.dll
0x00007ff867ca0000 - 0x00007ff867d94000 	C:\Windows\SYSTEM32\PROPSYS.dll
0x00007ff869920000 - 0x00007ff869a12000 	C:\Windows\SYSTEM32\CoreMessaging.dll
0x00007ff8690f0000 - 0x00007ff86944b000 	C:\Windows\SYSTEM32\CoreUIComponents.dll
0x00007ff86c2b0000 - 0x00007ff86c2e3000 	C:\Windows\SYSTEM32\ntmarta.dll
0x00007ff86a8e0000 - 0x00007ff86a97e000 	C:\Windows\system32\uxtheme.dll
0x00007ff86ed40000 - 0x00007ff86ee55000 	C:\Windows\System32\MSCTF.dll
0x00007ff82a830000 - 0x00007ff82a958000 	C:\Windows\SYSTEM32\opengl32.dll
0x00007ff840fc0000 - 0x00007ff840fec000 	C:\Windows\SYSTEM32\GLU32.dll
0x00007ff86ec90000 - 0x00007ff86ed39000 	C:\Windows\System32\clbcatq.dll
0x00007ff840ec0000 - 0x00007ff840eed000 	C:\Windows\System32\DriverStore\FileRepository\u0394204.inf_amd64_6f4f37ba5ae472b3\B394106\atig6pxx.dll
0x00007fff96ef0000 - 0x00007fff9b591000 	C:\Windows\System32\DriverStore\FileRepository\u0394204.inf_amd64_6f4f37ba5ae472b3\B394106\atio6axx.dll
0x00007ff86f1d0000 - 0x00007ff86f640000 	C:\Windows\System32\SETUPAPI.dll
0x00007ff85e070000 - 0x00007ff85e0a5000 	C:\Windows\SYSTEM32\amdihk64.dll
0x00007ff86d930000 - 0x00007ff86d9a3000 	C:\Windows\System32\WINTRUST.dll
0x00007ff86d7a0000 - 0x00007ff86d8fd000 	C:\Windows\System32\CRYPT32.dll
0x00007ff86cbe0000 - 0x00007ff86cbf2000 	C:\Windows\SYSTEM32\MSASN1.dll
0x00007ff85f600000 - 0x00007ff85f6f9000 	C:\Windows\SYSTEM32\textinputframework.dll
0x00007ff830d90000 - 0x00007ff830ded000 	C:\Users\konra\AppData\Local\Temp\lwjgl_konra\3.3.6+1\x64\lwjgl_opengl.dll
0x00007ff82fbe0000 - 0x00007ff82fc73000 	C:\Users\konra\AppData\Local\Temp\lwjgl_konra\3.3.6+1\x64\lwjgl_nanovg.dll
0x00007ff82bbf0000 - 0x00007ff82bc89000 	C:\Users\konra\AppData\Local\Temp\lwjgl_konra\3.3.6+1\x64\lwjgl_stb.dll
0x00007ff864aa0000 - 0x00007ff864b4e000 	C:\Windows\SYSTEM32\mscms.dll
0x00007ff86cf10000 - 0x00007ff86cf3e000 	C:\Windows\SYSTEM32\USERENV.dll
0x00007ff864a80000 - 0x00007ff864a91000 	C:\Windows\SYSTEM32\ColorAdapterClient.dll
0x00007ff86a690000 - 0x00007ff86a6d5000 	C:\Windows\SYSTEM32\icm32.dll
0x00007ff82a6a0000 - 0x00007ff82a82f000 	C:\Program Files\Java\jdk-18\bin\awt.dll
0x00007ff869dc0000 - 0x00007ff869e54000 	C:\Windows\SYSTEM32\apphelp.dll
0x00007ff86c9b0000 - 0x00007ff86c9c8000 	C:\Windows\SYSTEM32\CRYPTSP.dll
0x00007ff86c060000 - 0x00007ff86c098000 	C:\Windows\system32\rsaenh.dll
0x00007ff86c9a0000 - 0x00007ff86c9ac000 	C:\Windows\SYSTEM32\CRYPTBASE.dll
0x00007ff86c440000 - 0x00007ff86c47b000 	C:\Windows\SYSTEM32\IPHLPAPI.DLL
0x00007ff86f7a0000 - 0x00007ff86f7a8000 	C:\Windows\System32\NSI.dll
0x00007ff865a00000 - 0x00007ff865a17000 	C:\Windows\SYSTEM32\dhcpcsvc6.DLL
0x00007ff867350000 - 0x00007ff86736d000 	C:\Windows\SYSTEM32\dhcpcsvc.DLL
0x00007ff86c490000 - 0x00007ff86c55a000 	C:\Windows\SYSTEM32\DNSAPI.dll

dbghelp: loaded successfully - version: 4.0.5 - missing functions: none
symbol engine: initialized successfully - sym options: 0x614 - pdb path: .;C:\Program Files\Java\jdk-18\bin;C:\Windows\SYSTEM32;C:\Windows\WinSxS\amd64_microsoft.windows.common-controls_6595b64144ccf1df_6.0.19041.5915_none_60b4b9d171f9c7c7;C:\Program Files\Java\jdk-18\bin\server;C:\Users\konra\AppData\Local\Temp\lwjgl_konra\3.3.6+1\x64;C:\Windows\System32\DriverStore\FileRepository\u0394204.inf_amd64_6f4f37ba5ae472b3\B394106

VM Arguments:
jvm_args: -Dfile.encoding=UTF-8 -Dstdout.encoding=UTF-8 -Dstderr.encoding=UTF-8 -XX:+ShowCodeDetailsInExceptionMessages 
java_command: konradn24.tml.Launcher
java_class_path (initial): E:\Java Workspace\The Magland Client\bin;E:\Java Workspace\The Magland Client\lib\gson-2.6.2.jar;E:\Java Workspace\The Magland Client\lib\joml-1.10.8.jar;E:\Java Workspace\The Magland Client\lib\lwjgl.jar;E:\Java Workspace\The Magland Client\lib\lwjgl-assimp.jar;E:\Java Workspace\The Magland Client\lib\lwjgl-assimp-natives-linux.jar;E:\Java Workspace\The Magland Client\lib\lwjgl-assimp-natives-macos.jar;E:\Java Workspace\The Magland Client\lib\lwjgl-assimp-natives-windows.jar;E:\Java Workspace\The Magland Client\lib\lwjgl-glfw.jar;E:\Java Workspace\The Magland Client\lib\lwjgl-glfw-natives-linux.jar;E:\Java Workspace\The Magland Client\lib\lwjgl-glfw-natives-macos.jar;E:\Java Workspace\The Magland Client\lib\lwjgl-glfw-natives-windows.jar;E:\Java Workspace\The Magland Client\lib\lwjgl-nanovg.jar;E:\Java Workspace\The Magland Client\lib\lwjgl-nanovg-natives-linux.jar;E:\Java Workspace\The Magland Client\lib\lwjgl-nanovg-natives-macos.jar;E:\Java Workspace\The Magland Client\lib\lwjgl-nanovg-natives-windows.jar;E:\Java Workspace\The Magland Client\lib\lwjgl-natives-linux.jar;E:\Java Workspace\The Magland Client\lib\lwjgl-natives-macos.jar;E:\Java Workspace\The Magland Client\lib\lwjgl-natives-windows.jar;E:\Java Workspace\The Magland Client\lib\lwjgl-openal.jar;E:\Java Workspace\The Magland Client\lib\lwjgl-openal-natives-linux.jar;E:\Java Workspace\The Magland Client\lib\lwjgl-openal-natives-macos.jar;E:\Java Workspace\The Magland Client\lib\lwjgl-openal-natives-windows.jar;E:\Java Workspace\The Magland Client\lib\lwjgl-opengl.jar;E:\Java Workspace\The Magland Client\lib\lwjgl-opengl-natives-linux.jar;E:\Java Workspace\The Magland Client\lib\lwjgl-opengl-natives-macos.jar;E:\Java Workspace\The Magland Client\lib\lwjgl-opengl-natives-windows.jar;E:\Java Workspace\The Magland Client\lib\lwjgl-stb.jar;E:\Java Workspace\The Magland Client\lib\lwjgl-stb-natives-linux.jar;E:\Java Workspace\The Magland Client\lib\lwjgl-stb-natives-macos.jar;E:\Java Workspace\The Magland Client\lib\lwjgl-stb-natives-windows.jar
Launcher Type: SUN_STANDARD

[Global flags]
     intx CICompilerCount                          = 3                                         {product} {ergonomic}
     uint ConcGCThreads                            = 1                                         {product} {ergonomic}
     uint G1ConcRefinementThreads                  = 4                                         {product} {ergonomic}
   size_t G1HeapRegionSize                         = 2097152                                   {product} {ergonomic}
    uintx GCDrainStackTargetSize                   = 64                                        {product} {ergonomic}
   size_t InitialHeapSize                          = 268435456                                 {product} {ergonomic}
   size_t MarkStackSize                            = 4194304                                   {product} {ergonomic}
   size_t MaxHeapSize                              = 4286578688                                {product} {ergonomic}
   size_t MaxNewSize                               = 2571108352                                {product} {ergonomic}
   size_t MinHeapDeltaBytes                        = 2097152                                   {product} {ergonomic}
   size_t MinHeapSize                              = 8388608                                   {product} {ergonomic}
    uintx NonNMethodCodeHeapSize                   = 5832780                                {pd product} {ergonomic}
    uintx NonProfiledCodeHeapSize                  = 122912730                              {pd product} {ergonomic}
    uintx ProfiledCodeHeapSize                     = 122912730                              {pd product} {ergonomic}
    uintx ReservedCodeCacheSize                    = 251658240                              {pd product} {ergonomic}
     bool SegmentedCodeCache                       = true                                      {product} {ergonomic}
     bool ShowCodeDetailsInExceptionMessages       = true                                   {manageable} {command line}
   size_t SoftMaxHeapSize                          = 4286578688                             {manageable} {ergonomic}
     bool UseCompressedClassPointers               = true                           {product lp64_product} {ergonomic}
     bool UseCompressedOops                        = true                           {product lp64_product} {ergonomic}
     bool UseG1GC                                  = true                                      {product} {ergonomic}
     bool UseLargePagesIndividualAllocation        = false                                  {pd product} {ergonomic}

Logging:
Log output configuration:
 #0: stdout all=warning uptime,level,tags foldmultilines=false
 #1: stderr all=off uptime,level,tags foldmultilines=false

Environment Variables:
PATH=E:/eclipse-2024-12/eclipse//plugins/org.eclipse.justj.openjdk.hotspot.jre.full.win32.x86_64_21.0.5.v20241023-1957/jre/bin/server;E:/eclipse-2024-12/eclipse//plugins/org.eclipse.justj.openjdk.hotspot.jre.full.win32.x86_64_21.0.5.v20241023-1957/jre/bin;C:\Program Files\Common Files\Oracle\Java\javapath;C:\Program Files (x86)\Common Files\Oracle\Java\javapath;C:\Windows\system32;C:\Windows;C:\Windows\System32\Wbem;C:\Windows\System32\WindowsPowerShell\v1.0\;C:\Windows\System32\OpenSSH\;C:\ProgramData\chocolatey\bin;C:\Program Files\Git\cmd;C:\Program Files\nodejs\;C:\Program Files\dotnet\;C:\Program Files\Microsoft SQL Server\150\Tools\Binn\;C:\Program Files\Microsoft SQL Server\Client SDK\ODBC\170\Tools\Binn\;C:\Users\konra\AppData\Local\Programs\Python\Python312;C:\Users\konra\AppData\Local\Programs\Python\Python312\Scripts;E:\Programy\SQLite;C:\Users\konra\AppData\Local\Microsoft\WindowsApps;D:\Microsoft VS Code\bin;C:\Program Files\heroku\bin;C:\Users\konra\AppData\Roaming\npm;E:\Programy\Nmap;C:\Users\konra\.dotnet\tools;C:\Users\konra\AppData\Local\Programs\Python\Python312;C:\Users\konra\AppData\Local\Programs\Python\Python312\Scripts;;E:\Programy\PyCharm 2025.1.1.1\bin;;E:\eclipse-2024-12\eclipse;
USERNAME=konra
OS=Windows_NT
PROCESSOR_IDENTIFIER=Intel64 Family 6 Model 94 Stepping 3, GenuineIntel



---------------  S Y S T E M  ---------------

OS:
 Windows 10 , 64 bit Build 19041 (10.0.19041.5915)
OS uptime: 5 days 8:32 hours

CPU: total 4 (initial active 4) (4 cores per cpu, 1 threads per core) family 6 model 94 stepping 3 microcode 0xcc, cx8, cmov, fxsr, mmx, 3dnowpref, sse, sse2, sse3, ssse3, sse4.1, sse4.2, popcnt, lzcnt, tsc, tscinvbit, avx, avx2, aes, erms, clmul, bmi1, bmi2, adx, fma, vzeroupper, clflush, clflushopt

Memory: 4k page, system-wide physical 16347M (8361M free)
TotalPageFile size 24027M (AvailPageFile size 11856M)
current process WorkingSet (physical memory assigned to process): 225M, peak: 235M
current process commit charge ("private bytes"): 494M, peak: 505M

vm_info: Java HotSpot(TM) 64-Bit Server VM (18+36-2087) for windows-amd64 JRE (18+36-2087), built on Feb 15 2022 09:43:11 by "mach5one" with MS VC++ 16.8 / 16.9 (VS2019)

END.
